<?xml version="1.0" encoding="UTF-8"?>
<coverage generated="1378095513">
  <project timestamp="1378095513">
    <package name="Eloquent\Dumpling\Console\Command">
      <file name="/home/travis/build/eloquent/dumpling/src/Eloquent/Dumpling/Console/Command/DumplingCommand.php">
        <class name="DumplingCommand" namespace="Eloquent\Dumpling\Console\Command">
          <metrics methods="5" coveredmethods="5" conditionals="0" coveredconditionals="0" statements="124" coveredstatements="124" elements="129" coveredelements="129"/>
        </class>
        <line num="0" type="stmt" count="0"/>
        <line num="36" type="method" name="__construct" crap="3" count="8"/>
        <line num="40" type="stmt" count="8"/>
        <line num="41" type="stmt" count="1"/>
        <line num="42" type="stmt" count="1"/>
        <line num="43" type="stmt" count="8"/>
        <line num="44" type="stmt" count="1"/>
        <line num="45" type="stmt" count="1"/>
        <line num="47" type="stmt" count="8"/>
        <line num="48" type="stmt" count="8"/>
        <line num="50" type="stmt" count="8"/>
        <line num="51" type="stmt" count="8"/>
        <line num="56" type="method" name="clientFactory" crap="1" count="8"/>
        <line num="58" type="stmt" count="8"/>
        <line num="64" type="method" name="dumperFactory" crap="1" count="8"/>
        <line num="66" type="stmt" count="8"/>
        <line num="72" type="method" name="configure" crap="1" count="8"/>
        <line num="74" type="stmt" count="8"/>
        <line num="75" type="stmt" count="8"/>
        <line num="77" type="stmt" count="8"/>
        <line num="79" type="stmt" count="8"/>
        <line num="80" type="stmt" count="8"/>
        <line num="81" type="stmt" count="8"/>
        <line num="83" type="stmt" count="8"/>
        <line num="84" type="stmt" count="8"/>
        <line num="85" type="stmt" count="8"/>
        <line num="86" type="stmt" count="8"/>
        <line num="88" type="stmt" count="8"/>
        <line num="90" type="stmt" count="8"/>
        <line num="91" type="stmt" count="8"/>
        <line num="92" type="stmt" count="8"/>
        <line num="93" type="stmt" count="8"/>
        <line num="95" type="stmt" count="8"/>
        <line num="96" type="stmt" count="8"/>
        <line num="97" type="stmt" count="8"/>
        <line num="98" type="stmt" count="8"/>
        <line num="99" type="stmt" count="8"/>
        <line num="101" type="stmt" count="8"/>
        <line num="102" type="stmt" count="8"/>
        <line num="103" type="stmt" count="8"/>
        <line num="104" type="stmt" count="8"/>
        <line num="105" type="stmt" count="8"/>
        <line num="107" type="stmt" count="8"/>
        <line num="108" type="stmt" count="8"/>
        <line num="109" type="stmt" count="8"/>
        <line num="110" type="stmt" count="8"/>
        <line num="111" type="stmt" count="8"/>
        <line num="113" type="stmt" count="8"/>
        <line num="114" type="stmt" count="8"/>
        <line num="115" type="stmt" count="8"/>
        <line num="116" type="stmt" count="8"/>
        <line num="117" type="stmt" count="8"/>
        <line num="119" type="stmt" count="8"/>
        <line num="120" type="stmt" count="8"/>
        <line num="121" type="stmt" count="8"/>
        <line num="122" type="stmt" count="8"/>
        <line num="123" type="stmt" count="8"/>
        <line num="125" type="stmt" count="8"/>
        <line num="126" type="stmt" count="8"/>
        <line num="127" type="stmt" count="8"/>
        <line num="128" type="stmt" count="8"/>
        <line num="129" type="stmt" count="8"/>
        <line num="131" type="stmt" count="8"/>
        <line num="132" type="stmt" count="8"/>
        <line num="133" type="stmt" count="8"/>
        <line num="134" type="stmt" count="8"/>
        <line num="135" type="stmt" count="8"/>
        <line num="136" type="stmt" count="8"/>
        <line num="138" type="stmt" count="8"/>
        <line num="139" type="stmt" count="8"/>
        <line num="140" type="stmt" count="8"/>
        <line num="141" type="stmt" count="8"/>
        <line num="142" type="stmt" count="8"/>
        <line num="143" type="stmt" count="8"/>
        <line num="145" type="stmt" count="8"/>
        <line num="146" type="stmt" count="8"/>
        <line num="147" type="stmt" count="8"/>
        <line num="148" type="stmt" count="8"/>
        <line num="149" type="stmt" count="8"/>
        <line num="150" type="stmt" count="8"/>
        <line num="152" type="stmt" count="8"/>
        <line num="153" type="stmt" count="8"/>
        <line num="154" type="stmt" count="8"/>
        <line num="155" type="stmt" count="8"/>
        <line num="156" type="stmt" count="8"/>
        <line num="158" type="stmt" count="8"/>
        <line num="159" type="stmt" count="8"/>
        <line num="169" type="method" name="execute" crap="6" count="6"/>
        <line num="171" type="stmt" count="6"/>
        <line num="172" type="stmt" count="6"/>
        <line num="173" type="stmt" count="6"/>
        <line num="174" type="stmt" count="6"/>
        <line num="175" type="stmt" count="6"/>
        <line num="176" type="stmt" count="6"/>
        <line num="177" type="stmt" count="6"/>
        <line num="178" type="stmt" count="6"/>
        <line num="180" type="stmt" count="6"/>
        <line num="181" type="stmt" count="6"/>
        <line num="182" type="stmt" count="6"/>
        <line num="183" type="stmt" count="2"/>
        <line num="184" type="stmt" count="2"/>
        <line num="185" type="stmt" count="6"/>
        <line num="186" type="stmt" count="3"/>
        <line num="187" type="stmt" count="3"/>
        <line num="189" type="stmt" count="6"/>
        <line num="190" type="stmt" count="6"/>
        <line num="191" type="stmt" count="6"/>
        <line num="192" type="stmt" count="6"/>
        <line num="193" type="stmt" count="6"/>
        <line num="194" type="stmt" count="3"/>
        <line num="195" type="stmt" count="3"/>
        <line num="197" type="stmt" count="6"/>
        <line num="198" type="stmt" count="6"/>
        <line num="199" type="stmt" count="5"/>
        <line num="200" type="stmt" count="5"/>
        <line num="202" type="stmt" count="6"/>
        <line num="203" type="stmt" count="6"/>
        <line num="204" type="stmt" count="5"/>
        <line num="205" type="stmt" count="5"/>
        <line num="207" type="stmt" count="6"/>
        <line num="208" type="stmt" count="6"/>
        <line num="209" type="stmt" count="6"/>
        <line num="210" type="stmt" count="6"/>
        <line num="211" type="stmt" count="6"/>
        <line num="212" type="stmt" count="6"/>
        <line num="213" type="stmt" count="6"/>
        <line num="214" type="stmt" count="6"/>
        <line num="215" type="stmt" count="6"/>
        <line num="216" type="stmt" count="6"/>
        <line num="217" type="stmt" count="6"/>
        <line num="222" type="stmt" count="0"/>
        <metrics loc="221" ncloc="187" classes="1" methods="5" coveredmethods="5" conditionals="0" coveredconditionals="0" statements="124" coveredstatements="124" elements="129" coveredelements="129"/>
      </file>
    </package>
    <package name="Eloquent\Dumpling\Console">
      <file name="/home/travis/build/eloquent/dumpling/src/Eloquent/Dumpling/Console/DumplingApplication.php">
        <class name="DumplingApplication" namespace="Eloquent\Dumpling\Console">
          <metrics methods="2" coveredmethods="2" conditionals="0" coveredconditionals="0" statements="8" coveredstatements="8" elements="10" coveredelements="10"/>
        </class>
        <line num="31" type="method" name="__construct" crap="1" count="2"/>
        <line num="33" type="stmt" count="2"/>
        <line num="35" type="stmt" count="2"/>
        <line num="36" type="stmt" count="2"/>
        <line num="46" type="method" name="run" crap="2" count="1"/>
        <line num="50" type="stmt" count="1"/>
        <line num="51" type="stmt" count="1"/>
        <line num="52" type="stmt" count="1"/>
        <line num="54" type="stmt" count="1"/>
        <line num="55" type="stmt" count="1"/>
        <line num="57" type="stmt" count="0"/>
        <metrics loc="56" ncloc="31" classes="1" methods="2" coveredmethods="2" conditionals="0" coveredconditionals="0" statements="8" coveredstatements="8" elements="10" coveredelements="10"/>
      </file>
    </package>
    <package name="Eloquent\Dumpling\Console\Input">
      <file name="/home/travis/build/eloquent/dumpling/src/Eloquent/Dumpling/Console/Input/BoundArgvInput.php">
        <class name="BoundArgvInput" namespace="Eloquent\Dumpling\Console\Input">
          <metrics methods="1" coveredmethods="1" conditionals="0" coveredconditionals="0" statements="8" coveredstatements="8" elements="9" coveredelements="9"/>
        </class>
        <line num="30" type="method" name="__construct" crap="3" count="3"/>
        <line num="35" type="stmt" count="3"/>
        <line num="36" type="stmt" count="2"/>
        <line num="37" type="stmt" count="1"/>
        <line num="40" type="stmt" count="1"/>
        <line num="41" type="stmt" count="1"/>
        <line num="43" type="stmt" count="2"/>
        <line num="45" type="stmt" count="2"/>
        <line num="46" type="stmt" count="2"/>
        <line num="48" type="stmt" count="0"/>
        <metrics loc="47" ncloc="27" classes="1" methods="1" coveredmethods="1" conditionals="0" coveredconditionals="0" statements="8" coveredstatements="8" elements="9" coveredelements="9"/>
      </file>
    </package>
    <package name="Eloquent\Dumpling\Console\Input\Exception">
      <file name="/home/travis/build/eloquent/dumpling/src/Eloquent/Dumpling/Console/Input/Exception/UndefinedArgvException.php">
        <class name="UndefinedArgvException" namespace="Eloquent\Dumpling\Console\Input\Exception">
          <metrics methods="1" coveredmethods="1" conditionals="0" coveredconditionals="0" statements="2" coveredstatements="2" elements="3" coveredelements="3"/>
        </class>
        <line num="26" type="method" name="__construct" crap="1" count="1"/>
        <line num="28" type="stmt" count="1"/>
        <line num="29" type="stmt" count="1"/>
        <line num="31" type="stmt" count="0"/>
        <metrics loc="30" ncloc="14" classes="1" methods="1" coveredmethods="1" conditionals="0" coveredconditionals="0" statements="2" coveredstatements="2" elements="3" coveredelements="3"/>
      </file>
    </package>
    <package name="Eloquent\Dumpling\Mysql\Client">
      <file name="/home/travis/build/eloquent/dumpling/src/Eloquent/Dumpling/Mysql/Client/MysqlClient.php">
        <class name="MysqlClient" namespace="Eloquent\Dumpling\Mysql\Client">
          <metrics methods="9" coveredmethods="9" conditionals="0" coveredconditionals="0" statements="43" coveredstatements="43" elements="52" coveredelements="52"/>
        </class>
        <line num="32" type="method" name="__construct" crap="5" count="5"/>
        <line num="39" type="stmt" count="5"/>
        <line num="40" type="stmt" count="1"/>
        <line num="41" type="stmt" count="1"/>
        <line num="42" type="stmt" count="5"/>
        <line num="43" type="stmt" count="1"/>
        <line num="44" type="stmt" count="1"/>
        <line num="45" type="stmt" count="5"/>
        <line num="46" type="stmt" count="1"/>
        <line num="47" type="stmt" count="1"/>
        <line num="48" type="stmt" count="5"/>
        <line num="49" type="stmt" count="1"/>
        <line num="50" type="stmt" count="1"/>
        <line num="52" type="stmt" count="5"/>
        <line num="53" type="stmt" count="5"/>
        <line num="54" type="stmt" count="5"/>
        <line num="55" type="stmt" count="5"/>
        <line num="56" type="stmt" count="5"/>
        <line num="57" type="stmt" count="5"/>
        <line num="62" type="method" name="__destruct" crap="2" count="3"/>
        <line num="64" type="stmt" count="3"/>
        <line num="65" type="stmt" count="1"/>
        <line num="66" type="stmt" count="1"/>
        <line num="67" type="stmt" count="3"/>
        <line num="74" type="method" name="username" crap="1" count="4"/>
        <line num="76" type="stmt" count="4"/>
        <line num="84" type="method" name="password" crap="1" count="4"/>
        <line num="86" type="stmt" count="4"/>
        <line num="94" type="method" name="host" crap="1" count="4"/>
        <line num="96" type="stmt" count="4"/>
        <line num="104" type="method" name="port" crap="1" count="4"/>
        <line num="106" type="stmt" count="4"/>
        <line num="114" type="method" name="connectionFactory" crap="1" count="4"/>
        <line num="116" type="stmt" count="4"/>
        <line num="124" type="method" name="listDatabases" crap="2" count="2"/>
        <line num="126" type="stmt" count="2"/>
        <line num="128" type="stmt" count="2"/>
        <line num="130" type="stmt" count="2"/>
        <line num="131" type="stmt" count="2"/>
        <line num="132" type="stmt" count="2"/>
        <line num="133" type="stmt" count="2"/>
        <line num="135" type="stmt" count="2"/>
        <line num="143" type="method" name="connection" crap="2" count="2"/>
        <line num="145" type="stmt" count="2"/>
        <line num="146" type="stmt" count="2"/>
        <line num="147" type="stmt" count="2"/>
        <line num="148" type="stmt" count="2"/>
        <line num="149" type="stmt" count="2"/>
        <line num="150" type="stmt" count="2"/>
        <line num="151" type="stmt" count="2"/>
        <line num="152" type="stmt" count="2"/>
        <line num="154" type="stmt" count="2"/>
        <line num="164" type="stmt" count="0"/>
        <metrics loc="163" ncloc="105" classes="1" methods="9" coveredmethods="9" conditionals="0" coveredconditionals="0" statements="43" coveredstatements="43" elements="52" coveredelements="52"/>
      </file>
      <file name="/home/travis/build/eloquent/dumpling/src/Eloquent/Dumpling/Mysql/Client/MysqlClientFactory.php">
        <class name="MysqlClientFactory" namespace="Eloquent\Dumpling\Mysql\Client">
          <metrics methods="1" coveredmethods="1" conditionals="0" coveredconditionals="0" statements="1" coveredstatements="1" elements="2" coveredelements="2"/>
        </class>
        <line num="29" type="method" name="create" crap="1" count="1"/>
        <line num="35" type="stmt" count="1"/>
        <line num="38" type="stmt" count="0"/>
        <metrics loc="37" ncloc="16" classes="1" methods="1" coveredmethods="1" conditionals="0" coveredconditionals="0" statements="1" coveredstatements="1" elements="2" coveredelements="2"/>
      </file>
    </package>
    <file name="/home/travis/build/eloquent/dumpling/src/Eloquent/Dumpling/Mysql/Client/MysqlClientFactoryInterface.php">
      <line num="36" type="stmt" count="0"/>
      <metrics loc="35" ncloc="14" classes="0" methods="0" coveredmethods="0" conditionals="0" coveredconditionals="0" statements="0" coveredstatements="0" elements="0" coveredelements="0"/>
    </file>
    <file name="/home/travis/build/eloquent/dumpling/src/Eloquent/Dumpling/Mysql/Client/MysqlClientInterface.php">
      <line num="54" type="stmt" count="0"/>
      <metrics loc="53" ncloc="17" classes="0" methods="0" coveredmethods="0" conditionals="0" coveredconditionals="0" statements="0" coveredstatements="0" elements="0" coveredelements="0"/>
    </file>
    <package name="Eloquent\Dumpling\Mysql\Connection\Exception">
      <file name="/home/travis/build/eloquent/dumpling/src/Eloquent/Dumpling/Mysql/Connection/Exception/ConnectionFailedException.php">
        <class name="ConnectionFailedException" namespace="Eloquent\Dumpling\Mysql\Connection\Exception">
          <metrics methods="5" coveredmethods="5" conditionals="0" coveredconditionals="0" statements="13" coveredstatements="13" elements="18" coveredelements="18"/>
        </class>
        <line num="30" type="method" name="__construct" crap="1" count="1"/>
        <line num="37" type="stmt" count="1"/>
        <line num="38" type="stmt" count="1"/>
        <line num="39" type="stmt" count="1"/>
        <line num="40" type="stmt" count="1"/>
        <line num="42" type="stmt" count="1"/>
        <line num="43" type="stmt" count="1"/>
        <line num="44" type="stmt" count="1"/>
        <line num="46" type="stmt" count="1"/>
        <line num="47" type="stmt" count="1"/>
        <line num="54" type="method" name="username" crap="1" count="1"/>
        <line num="56" type="stmt" count="1"/>
        <line num="64" type="method" name="password" crap="1" count="1"/>
        <line num="66" type="stmt" count="1"/>
        <line num="74" type="method" name="host" crap="1" count="1"/>
        <line num="76" type="stmt" count="1"/>
        <line num="84" type="method" name="port" crap="1" count="1"/>
        <line num="86" type="stmt" count="1"/>
        <line num="94" type="stmt" count="0"/>
        <metrics loc="93" ncloc="53" classes="1" methods="5" coveredmethods="5" conditionals="0" coveredconditionals="0" statements="13" coveredstatements="13" elements="18" coveredelements="18"/>
      </file>
    </package>
    <package name="Eloquent\Dumpling\Mysql\Connection">
      <file name="/home/travis/build/eloquent/dumpling/src/Eloquent/Dumpling/Mysql/Connection/MysqlConnectionFactory.php">
        <class name="MysqlConnectionFactory" namespace="Eloquent\Dumpling\Mysql\Connection">
          <metrics methods="2" coveredmethods="2" conditionals="0" coveredconditionals="0" statements="25" coveredstatements="25" elements="27" coveredelements="27"/>
        </class>
        <line num="27" type="method" name="__construct" crap="1" count="3"/>
        <line num="29" type="stmt" count="3"/>
        <line num="30" type="stmt" count="3"/>
        <line num="43" type="method" name="create" crap="5" count="3"/>
        <line num="49" type="stmt" count="3"/>
        <line num="50" type="stmt" count="1"/>
        <line num="51" type="stmt" count="1"/>
        <line num="52" type="stmt" count="3"/>
        <line num="53" type="stmt" count="1"/>
        <line num="54" type="stmt" count="1"/>
        <line num="55" type="stmt" count="3"/>
        <line num="56" type="stmt" count="1"/>
        <line num="57" type="stmt" count="1"/>
        <line num="60" type="stmt" count="3"/>
        <line num="61" type="stmt" count="3"/>
        <line num="62" type="stmt" count="3"/>
        <line num="63" type="stmt" count="3"/>
        <line num="64" type="stmt" count="3"/>
        <line num="66" type="stmt" count="3"/>
        <line num="67" type="stmt" count="3"/>
        <line num="68" type="stmt" count="1"/>
        <line num="69" type="stmt" count="1"/>
        <line num="70" type="stmt" count="1"/>
        <line num="71" type="stmt" count="1"/>
        <line num="72" type="stmt" count="1"/>
        <line num="74" type="stmt" count="1"/>
        <line num="77" type="stmt" count="2"/>
        <line num="82" type="stmt" count="0"/>
        <metrics loc="81" ncloc="54" classes="1" methods="2" coveredmethods="2" conditionals="0" coveredconditionals="0" statements="25" coveredstatements="25" elements="27" coveredelements="27"/>
      </file>
    </package>
    <file name="/home/travis/build/eloquent/dumpling/src/Eloquent/Dumpling/Mysql/Connection/MysqlConnectionFactoryInterface.php">
      <line num="37" type="stmt" count="0"/>
      <metrics loc="36" ncloc="14" classes="0" methods="0" coveredmethods="0" conditionals="0" coveredconditionals="0" statements="0" coveredstatements="0" elements="0" coveredelements="0"/>
    </file>
    <package name="Eloquent\Dumpling\Mysql\Dumper\Exception">
      <file name="/home/travis/build/eloquent/dumpling/src/Eloquent/Dumpling/Mysql/Dumper/Exception/DumpFailedException.php">
        <class name="DumpFailedException" namespace="Eloquent\Dumpling\Mysql\Dumper\Exception">
          <metrics methods="1" coveredmethods="1" conditionals="0" coveredconditionals="0" statements="2" coveredstatements="2" elements="3" coveredelements="3"/>
        </class>
        <line num="26" type="method" name="__construct" crap="1" count="1"/>
        <line num="28" type="stmt" count="1"/>
        <line num="29" type="stmt" count="1"/>
        <line num="31" type="stmt" count="0"/>
        <metrics loc="30" ncloc="14" classes="1" methods="1" coveredmethods="1" conditionals="0" coveredconditionals="0" statements="2" coveredstatements="2" elements="3" coveredelements="3"/>
      </file>
      <file name="/home/travis/build/eloquent/dumpling/src/Eloquent/Dumpling/Mysql/Dumper/Exception/MysqldumpException.php">
        <class name="MysqldumpException" namespace="Eloquent\Dumpling\Mysql\Dumper\Exception">
          <metrics methods="1" coveredmethods="1" conditionals="0" coveredconditionals="0" statements="2" coveredstatements="2" elements="3" coveredelements="3"/>
        </class>
        <line num="28" type="method" name="__construct" crap="1" count="1"/>
        <line num="30" type="stmt" count="1"/>
        <line num="31" type="stmt" count="1"/>
        <line num="33" type="stmt" count="0"/>
        <metrics loc="32" ncloc="14" classes="1" methods="1" coveredmethods="1" conditionals="0" coveredconditionals="0" statements="2" coveredstatements="2" elements="3" coveredelements="3"/>
      </file>
      <file name="/home/travis/build/eloquent/dumpling/src/Eloquent/Dumpling/Mysql/Dumper/Exception/NoDatabasesException.php">
        <class name="NoDatabasesException" namespace="Eloquent\Dumpling\Mysql\Dumper\Exception">
          <metrics methods="1" coveredmethods="1" conditionals="0" coveredconditionals="0" statements="2" coveredstatements="2" elements="3" coveredelements="3"/>
        </class>
        <line num="26" type="method" name="__construct" crap="1" count="1"/>
        <line num="28" type="stmt" count="1"/>
        <line num="29" type="stmt" count="1"/>
        <line num="31" type="stmt" count="0"/>
        <metrics loc="30" ncloc="14" classes="1" methods="1" coveredmethods="1" conditionals="0" coveredconditionals="0" statements="2" coveredstatements="2" elements="3" coveredelements="3"/>
      </file>
      <file name="/home/travis/build/eloquent/dumpling/src/Eloquent/Dumpling/Mysql/Dumper/Exception/UnqualifiedTableException.php">
        <class name="UnqualifiedTableException" namespace="Eloquent\Dumpling\Mysql\Dumper\Exception">
          <metrics methods="2" coveredmethods="2" conditionals="0" coveredconditionals="0" statements="10" coveredstatements="10" elements="12" coveredelements="12"/>
        </class>
        <line num="27" type="method" name="__construct" crap="1" count="1"/>
        <line num="29" type="stmt" count="1"/>
        <line num="31" type="stmt" count="1"/>
        <line num="32" type="stmt" count="1"/>
        <line num="33" type="stmt" count="1"/>
        <line num="34" type="stmt" count="1"/>
        <line num="35" type="stmt" count="1"/>
        <line num="36" type="stmt" count="1"/>
        <line num="38" type="stmt" count="1"/>
        <line num="39" type="stmt" count="1"/>
        <line num="46" type="method" name="table" crap="1" count="1"/>
        <line num="48" type="stmt" count="1"/>
        <line num="53" type="stmt" count="0"/>
        <metrics loc="52" ncloc="30" classes="1" methods="2" coveredmethods="2" conditionals="0" coveredconditionals="0" statements="10" coveredstatements="10" elements="12" coveredelements="12"/>
      </file>
    </package>
    <package name="Eloquent\Dumpling\Mysql\Dumper">
      <file name="/home/travis/build/eloquent/dumpling/src/Eloquent/Dumpling/Mysql/Dumper/MysqlDumper.php">
        <class name="MysqlDumper" namespace="Eloquent\Dumpling\Mysql\Dumper">
          <metrics methods="17" coveredmethods="17" conditionals="0" coveredconditionals="0" statements="255" coveredstatements="255" elements="272" coveredelements="272"/>
        </class>
        <line num="34" type="method" name="__construct" crap="3" count="18"/>
        <line num="39" type="stmt" count="18"/>
        <line num="40" type="stmt" count="1"/>
        <line num="41" type="stmt" count="1"/>
        <line num="42" type="stmt" count="18"/>
        <line num="43" type="stmt" count="1"/>
        <line num="44" type="stmt" count="1"/>
        <line num="46" type="stmt" count="18"/>
        <line num="47" type="stmt" count="18"/>
        <line num="48" type="stmt" count="18"/>
        <line num="49" type="stmt" count="18"/>
        <line num="56" type="method" name="client" crap="1" count="17"/>
        <line num="58" type="stmt" count="17"/>
        <line num="66" type="method" name="executableFinder" crap="1" count="2"/>
        <line num="68" type="stmt" count="2"/>
        <line num="76" type="method" name="processFactory" crap="1" count="16"/>
        <line num="78" type="stmt" count="16"/>
        <line num="101" type="method" name="dump" crap="9" count="16"/>
        <line num="111" type="stmt" count="16"/>
        <line num="112" type="stmt" count="14"/>
        <line num="113" type="stmt" count="14"/>
        <line num="114" type="stmt" count="16"/>
        <line num="115" type="stmt" count="14"/>
        <line num="116" type="stmt" count="14"/>
        <line num="117" type="stmt" count="16"/>
        <line num="118" type="stmt" count="14"/>
        <line num="119" type="stmt" count="14"/>
        <line num="122" type="stmt" count="16"/>
        <line num="123" type="stmt" count="16"/>
        <line num="124" type="stmt" count="16"/>
        <line num="125" type="stmt" count="16"/>
        <line num="126" type="stmt" count="16"/>
        <line num="127" type="stmt" count="16"/>
        <line num="128" type="stmt" count="16"/>
        <line num="129" type="stmt" count="16"/>
        <line num="130" type="stmt" count="16"/>
        <line num="131" type="stmt" count="16"/>
        <line num="132" type="stmt" count="16"/>
        <line num="133" type="stmt" count="16"/>
        <line num="134" type="stmt" count="16"/>
        <line num="135" type="stmt" count="16"/>
        <line num="137" type="stmt" count="16"/>
        <line num="138" type="stmt" count="16"/>
        <line num="139" type="stmt" count="16"/>
        <line num="141" type="stmt" count="16"/>
        <line num="142" type="stmt" count="2"/>
        <line num="143" type="stmt" count="2"/>
        <line num="144" type="stmt" count="16"/>
        <line num="145" type="stmt" count="2"/>
        <line num="146" type="stmt" count="2"/>
        <line num="147" type="stmt" count="16"/>
        <line num="148" type="stmt" count="2"/>
        <line num="149" type="stmt" count="2"/>
        <line num="151" type="stmt" count="16"/>
        <line num="152" type="stmt" count="16"/>
        <line num="153" type="stmt" count="16"/>
        <line num="154" type="stmt" count="16"/>
        <line num="156" type="stmt" count="16"/>
        <line num="158" type="stmt" count="14"/>
        <line num="159" type="stmt" count="14"/>
        <line num="160" type="stmt" count="2"/>
        <line num="161" type="stmt" count="2"/>
        <line num="162" type="stmt" count="12"/>
        <line num="164" type="stmt" count="13"/>
        <line num="182" type="method" name="dumpToStream" crap="2" count="1"/>
        <line num="192" type="stmt" count="1"/>
        <line num="193" type="stmt" count="1"/>
        <line num="195" type="stmt" count="1"/>
        <line num="196" type="stmt" count="1"/>
        <line num="197" type="stmt" count="1"/>
        <line num="198" type="stmt" count="1"/>
        <line num="199" type="stmt" count="1"/>
        <line num="200" type="stmt" count="1"/>
        <line num="201" type="stmt" count="1"/>
        <line num="202" type="stmt" count="1"/>
        <line num="203" type="stmt" count="1"/>
        <line num="204" type="stmt" count="1"/>
        <line num="206" type="stmt" count="1"/>
        <line num="208" type="stmt" count="1"/>
        <line num="227" type="method" name="dumpToString" crap="2" count="1"/>
        <line num="236" type="stmt" count="1"/>
        <line num="237" type="stmt" count="1"/>
        <line num="239" type="stmt" count="1"/>
        <line num="240" type="stmt" count="1"/>
        <line num="241" type="stmt" count="1"/>
        <line num="242" type="stmt" count="1"/>
        <line num="243" type="stmt" count="1"/>
        <line num="244" type="stmt" count="1"/>
        <line num="245" type="stmt" count="1"/>
        <line num="246" type="stmt" count="1"/>
        <line num="247" type="stmt" count="1"/>
        <line num="248" type="stmt" count="1"/>
        <line num="250" type="stmt" count="1"/>
        <line num="252" type="stmt" count="1"/>
        <line num="271" type="method" name="dumpToConsole" crap="2" count="1"/>
        <line num="281" type="stmt" count="1"/>
        <line num="283" type="stmt" count="1"/>
        <line num="284" type="stmt" count="1"/>
        <line num="285" type="stmt" count="1"/>
        <line num="286" type="stmt" count="1"/>
        <line num="287" type="stmt" count="1"/>
        <line num="288" type="stmt" count="1"/>
        <line num="289" type="stmt" count="1"/>
        <line num="290" type="stmt" count="1"/>
        <line num="291" type="stmt" count="1"/>
        <line num="292" type="stmt" count="1"/>
        <line num="294" type="stmt" count="1"/>
        <line num="307" type="method" name="dumpMulti" crap="2" count="2"/>
        <line num="309" type="stmt" count="2"/>
        <line num="310" type="stmt" count="2"/>
        <line num="311" type="stmt" count="2"/>
        <line num="312" type="stmt" count="2"/>
        <line num="313" type="stmt" count="2"/>
        <line num="314" type="stmt" count="2"/>
        <line num="315" type="stmt" count="2"/>
        <line num="316" type="stmt" count="2"/>
        <line num="327" type="method" name="dumpSingle" crap="8" count="14"/>
        <line num="329" type="stmt" count="14"/>
        <line num="330" type="stmt" count="14"/>
        <line num="332" type="stmt" count="14"/>
        <line num="333" type="stmt" count="14"/>
        <line num="335" type="stmt" count="14"/>
        <line num="336" type="stmt" count="4"/>
        <line num="338" type="stmt" count="4"/>
        <line num="339" type="stmt" count="4"/>
        <line num="340" type="stmt" count="4"/>
        <line num="341" type="stmt" count="4"/>
        <line num="342" type="stmt" count="14"/>
        <line num="344" type="stmt" count="14"/>
        <line num="345" type="stmt" count="14"/>
        <line num="346" type="stmt" count="2"/>
        <line num="347" type="stmt" count="2"/>
        <line num="348" type="stmt" count="14"/>
        <line num="349" type="stmt" count="14"/>
        <line num="350" type="stmt" count="14"/>
        <line num="352" type="stmt" count="14"/>
        <line num="353" type="stmt" count="14"/>
        <line num="355" type="stmt" count="14"/>
        <line num="357" type="stmt" count="14"/>
        <line num="358" type="stmt" count="1"/>
        <line num="359" type="stmt" count="1"/>
        <line num="360" type="stmt" count="1"/>
        <line num="362" type="stmt" count="1"/>
        <line num="363" type="stmt" count="1"/>
        <line num="365" type="stmt" count="13"/>
        <line num="379" type="method" name="normalizeEntities" crap="17" count="16"/>
        <line num="385" type="stmt" count="16"/>
        <line num="386" type="stmt" count="11"/>
        <line num="387" type="stmt" count="11"/>
        <line num="388" type="stmt" count="16"/>
        <line num="389" type="stmt" count="11"/>
        <line num="390" type="stmt" count="11"/>
        <line num="391" type="stmt" count="16"/>
        <line num="392" type="stmt" count="14"/>
        <line num="393" type="stmt" count="14"/>
        <line num="394" type="stmt" count="16"/>
        <line num="395" type="stmt" count="14"/>
        <line num="396" type="stmt" count="14"/>
        <line num="398" type="stmt" count="16"/>
        <line num="399" type="stmt" count="16"/>
        <line num="400" type="stmt" count="16"/>
        <line num="402" type="stmt" count="16"/>
        <line num="403" type="stmt" count="9"/>
        <line num="404" type="stmt" count="9"/>
        <line num="405" type="stmt" count="16"/>
        <line num="406" type="stmt" count="16"/>
        <line num="407" type="stmt" count="1"/>
        <line num="410" type="stmt" count="15"/>
        <line num="411" type="stmt" count="15"/>
        <line num="413" type="stmt" count="15"/>
        <line num="414" type="stmt" count="15"/>
        <line num="415" type="stmt" count="15"/>
        <line num="416" type="stmt" count="15"/>
        <line num="418" type="stmt" count="15"/>
        <line num="419" type="stmt" count="15"/>
        <line num="420" type="stmt" count="15"/>
        <line num="422" type="stmt" count="15"/>
        <line num="423" type="stmt" count="15"/>
        <line num="424" type="stmt" count="12"/>
        <line num="425" type="stmt" count="12"/>
        <line num="426" type="stmt" count="15"/>
        <line num="427" type="stmt" count="14"/>
        <line num="428" type="stmt" count="14"/>
        <line num="430" type="stmt" count="14"/>
        <line num="432" type="stmt" count="14"/>
        <line num="433" type="stmt" count="14"/>
        <line num="434" type="stmt" count="14"/>
        <line num="436" type="stmt" count="12"/>
        <line num="437" type="stmt" count="8"/>
        <line num="438" type="stmt" count="12"/>
        <line num="439" type="stmt" count="8"/>
        <line num="442" type="stmt" count="12"/>
        <line num="443" type="stmt" count="12"/>
        <line num="444" type="stmt" count="12"/>
        <line num="446" type="stmt" count="14"/>
        <line num="447" type="stmt" count="14"/>
        <line num="448" type="stmt" count="4"/>
        <line num="449" type="stmt" count="4"/>
        <line num="450" type="stmt" count="4"/>
        <line num="452" type="stmt" count="4"/>
        <line num="453" type="stmt" count="4"/>
        <line num="454" type="stmt" count="14"/>
        <line num="455" type="stmt" count="14"/>
        <line num="456" type="stmt" count="2"/>
        <line num="457" type="stmt" count="2"/>
        <line num="458" type="stmt" count="2"/>
        <line num="459" type="stmt" count="14"/>
        <line num="461" type="stmt" count="14"/>
        <line num="471" type="method" name="normalizeArray" crap="1" count="16"/>
        <line num="473" type="stmt" count="16"/>
        <line num="474" type="stmt" count="16"/>
        <line num="475" type="stmt" count="16"/>
        <line num="476" type="stmt" count="15"/>
        <line num="477" type="stmt" count="16"/>
        <line num="479" type="stmt" count="16"/>
        <line num="480" type="stmt" count="16"/>
        <line num="492" type="method" name="normalizeTables" crap="4" count="15"/>
        <line num="494" type="stmt" count="15"/>
        <line num="495" type="stmt" count="15"/>
        <line num="496" type="stmt" count="6"/>
        <line num="498" type="stmt" count="6"/>
        <line num="499" type="stmt" count="4"/>
        <line num="500" type="stmt" count="4"/>
        <line num="501" type="stmt" count="2"/>
        <line num="502" type="stmt" count="1"/>
        <line num="505" type="stmt" count="1"/>
        <line num="508" type="stmt" count="5"/>
        <line num="509" type="stmt" count="14"/>
        <line num="511" type="stmt" count="14"/>
        <line num="519" type="method" name="writePrimaryHeader" crap="1" count="14"/>
        <line num="521" type="stmt" count="14"/>
        <line num="522" type="stmt" count="14"/>
        <line num="523" type="stmt" count="14"/>
        <line num="524" type="stmt" count="14"/>
        <line num="526" type="stmt" count="14"/>
        <line num="527" type="stmt" count="14"/>
        <line num="528" type="stmt" count="14"/>
        <line num="535" type="method" name="writeCommandHeader" crap="7" count="14"/>
        <line num="537" type="stmt" count="14"/>
        <line num="538" type="stmt" count="14"/>
        <line num="539" type="stmt" count="14"/>
        <line num="540" type="stmt" count="14"/>
        <line num="541" type="stmt" count="14"/>
        <line num="542" type="stmt" count="14"/>
        <line num="544" type="stmt" count="14"/>
        <line num="545" type="stmt" count="14"/>
        <line num="546" type="stmt" count="14"/>
        <line num="547" type="stmt" count="14"/>
        <line num="549" type="stmt" count="14"/>
        <line num="551" type="stmt" count="14"/>
        <line num="552" type="stmt" count="14"/>
        <line num="553" type="stmt" count="14"/>
        <line num="554" type="stmt" count="14"/>
        <line num="555" type="stmt" count="14"/>
        <line num="557" type="stmt" count="14"/>
        <line num="559" type="stmt" count="14"/>
        <line num="560" type="stmt" count="14"/>
        <line num="561" type="stmt" count="14"/>
        <line num="562" type="stmt" count="14"/>
        <line num="563" type="stmt" count="14"/>
        <line num="564" type="stmt" count="14"/>
        <line num="565" type="stmt" count="14"/>
        <line num="566" type="stmt" count="14"/>
        <line num="567" type="stmt" count="14"/>
        <line num="568" type="stmt" count="14"/>
        <line num="575" type="method" name="writeOutput" crap="1" count="14"/>
        <line num="577" type="stmt" count="14"/>
        <line num="578" type="stmt" count="14"/>
        <line num="584" type="stmt" count="0"/>
        <metrics loc="583" ncloc="420" classes="1" methods="17" coveredmethods="17" conditionals="0" coveredconditionals="0" statements="252" coveredstatements="252" elements="269" coveredelements="269"/>
      </file>
      <file name="/home/travis/build/eloquent/dumpling/src/Eloquent/Dumpling/Mysql/Dumper/MysqlDumperFactory.php">
        <class name="MysqlDumperFactory" namespace="Eloquent\Dumpling\Mysql\Dumper">
          <metrics methods="1" coveredmethods="1" conditionals="0" coveredconditionals="0" statements="1" coveredstatements="1" elements="2" coveredelements="2"/>
        </class>
        <line num="32" type="method" name="create" crap="1" count="1"/>
        <line num="37" type="stmt" count="1"/>
        <line num="40" type="stmt" count="0"/>
        <metrics loc="39" ncloc="19" classes="1" methods="1" coveredmethods="1" conditionals="0" coveredconditionals="0" statements="1" coveredstatements="1" elements="2" coveredelements="2"/>
      </file>
    </package>
    <file name="/home/travis/build/eloquent/dumpling/src/Eloquent/Dumpling/Mysql/Dumper/MysqlDumperFactoryInterface.php">
      <line num="38" type="stmt" count="0"/>
      <metrics loc="37" ncloc="17" classes="0" methods="0" coveredmethods="0" conditionals="0" coveredconditionals="0" statements="0" coveredstatements="0" elements="0" coveredelements="0"/>
    </file>
    <file name="/home/travis/build/eloquent/dumpling/src/Eloquent/Dumpling/Mysql/Dumper/MysqlDumperInterface.php">
      <line num="132" type="stmt" count="0"/>
      <metrics loc="131" ncloc="52" classes="0" methods="0" coveredmethods="0" conditionals="0" coveredconditionals="0" statements="0" coveredstatements="0" elements="0" coveredelements="0"/>
    </file>
    <package name="Eloquent\Dumpling\Process">
      <file name="/home/travis/build/eloquent/dumpling/src/Eloquent/Dumpling/Process/ProcessFactory.php">
        <class name="ProcessFactory" namespace="Eloquent\Dumpling\Process">
          <metrics methods="1" coveredmethods="1" conditionals="0" coveredconditionals="0" statements="2" coveredstatements="2" elements="3" coveredelements="3"/>
        </class>
        <line num="28" type="method" name="create" crap="1" count="1"/>
        <line num="30" type="stmt" count="1"/>
        <line num="32" type="stmt" count="1"/>
        <line num="35" type="stmt" count="0"/>
        <metrics loc="34" ncloc="16" classes="1" methods="1" coveredmethods="1" conditionals="0" coveredconditionals="0" statements="2" coveredstatements="2" elements="3" coveredelements="3"/>
      </file>
    </package>
    <file name="/home/travis/build/eloquent/dumpling/src/Eloquent/Dumpling/Process/ProcessFactoryInterface.php">
      <line num="28" type="stmt" count="0"/>
      <metrics loc="27" ncloc="9" classes="0" methods="0" coveredmethods="0" conditionals="0" coveredconditionals="0" statements="0" coveredstatements="0" elements="0" coveredelements="0"/>
    </file>
    <metrics files="21" loc="1847" ncloc="1137" classes="15" methods="50" coveredmethods="50" conditionals="0" coveredconditionals="0" statements="495" coveredstatements="495" elements="545" coveredelements="545"/>
  </project>
</coverage>
