<?xml version="1.0" encoding="UTF-8"?>
<coverage generated="1377843638">
  <project timestamp="1377843638">
    <package name="Eloquent\Dumpling\Console\Command">
      <file name="/home/travis/build/eloquent/dumpling/src/Eloquent/Dumpling/Console/Command/DumplingCommand.php">
        <class name="DumplingCommand" namespace="Eloquent\Dumpling\Console\Command">
          <metrics methods="5" coveredmethods="5" conditionals="0" coveredconditionals="0" statements="111" coveredstatements="111" elements="116" coveredelements="116"/>
        </class>
        <line num="0" type="stmt" count="0"/>
        <line num="36" type="method" name="__construct" crap="3" count="7"/>
        <line num="40" type="stmt" count="7"/>
        <line num="41" type="stmt" count="1"/>
        <line num="42" type="stmt" count="1"/>
        <line num="43" type="stmt" count="7"/>
        <line num="44" type="stmt" count="1"/>
        <line num="45" type="stmt" count="1"/>
        <line num="47" type="stmt" count="7"/>
        <line num="48" type="stmt" count="7"/>
        <line num="50" type="stmt" count="7"/>
        <line num="51" type="stmt" count="7"/>
        <line num="56" type="method" name="clientFactory" crap="1" count="7"/>
        <line num="58" type="stmt" count="7"/>
        <line num="64" type="method" name="dumperFactory" crap="1" count="7"/>
        <line num="66" type="stmt" count="7"/>
        <line num="72" type="method" name="configure" crap="1" count="7"/>
        <line num="74" type="stmt" count="7"/>
        <line num="75" type="stmt" count="7"/>
        <line num="77" type="stmt" count="7"/>
        <line num="79" type="stmt" count="7"/>
        <line num="80" type="stmt" count="7"/>
        <line num="81" type="stmt" count="7"/>
        <line num="83" type="stmt" count="7"/>
        <line num="84" type="stmt" count="7"/>
        <line num="85" type="stmt" count="7"/>
        <line num="86" type="stmt" count="7"/>
        <line num="88" type="stmt" count="7"/>
        <line num="90" type="stmt" count="7"/>
        <line num="91" type="stmt" count="7"/>
        <line num="92" type="stmt" count="7"/>
        <line num="93" type="stmt" count="7"/>
        <line num="95" type="stmt" count="7"/>
        <line num="96" type="stmt" count="7"/>
        <line num="97" type="stmt" count="7"/>
        <line num="98" type="stmt" count="7"/>
        <line num="99" type="stmt" count="7"/>
        <line num="101" type="stmt" count="7"/>
        <line num="102" type="stmt" count="7"/>
        <line num="103" type="stmt" count="7"/>
        <line num="104" type="stmt" count="7"/>
        <line num="105" type="stmt" count="7"/>
        <line num="107" type="stmt" count="7"/>
        <line num="108" type="stmt" count="7"/>
        <line num="109" type="stmt" count="7"/>
        <line num="110" type="stmt" count="7"/>
        <line num="111" type="stmt" count="7"/>
        <line num="113" type="stmt" count="7"/>
        <line num="114" type="stmt" count="7"/>
        <line num="115" type="stmt" count="7"/>
        <line num="116" type="stmt" count="7"/>
        <line num="117" type="stmt" count="7"/>
        <line num="119" type="stmt" count="7"/>
        <line num="120" type="stmt" count="7"/>
        <line num="121" type="stmt" count="7"/>
        <line num="122" type="stmt" count="7"/>
        <line num="123" type="stmt" count="7"/>
        <line num="124" type="stmt" count="7"/>
        <line num="126" type="stmt" count="7"/>
        <line num="127" type="stmt" count="7"/>
        <line num="128" type="stmt" count="7"/>
        <line num="129" type="stmt" count="7"/>
        <line num="130" type="stmt" count="7"/>
        <line num="131" type="stmt" count="7"/>
        <line num="133" type="stmt" count="7"/>
        <line num="134" type="stmt" count="7"/>
        <line num="135" type="stmt" count="7"/>
        <line num="136" type="stmt" count="7"/>
        <line num="137" type="stmt" count="7"/>
        <line num="138" type="stmt" count="7"/>
        <line num="140" type="stmt" count="7"/>
        <line num="141" type="stmt" count="7"/>
        <line num="142" type="stmt" count="7"/>
        <line num="143" type="stmt" count="7"/>
        <line num="144" type="stmt" count="7"/>
        <line num="146" type="stmt" count="7"/>
        <line num="147" type="stmt" count="7"/>
        <line num="157" type="method" name="execute" crap="6" count="5"/>
        <line num="159" type="stmt" count="5"/>
        <line num="160" type="stmt" count="5"/>
        <line num="161" type="stmt" count="5"/>
        <line num="162" type="stmt" count="5"/>
        <line num="163" type="stmt" count="5"/>
        <line num="164" type="stmt" count="5"/>
        <line num="165" type="stmt" count="5"/>
        <line num="166" type="stmt" count="5"/>
        <line num="168" type="stmt" count="5"/>
        <line num="169" type="stmt" count="5"/>
        <line num="170" type="stmt" count="5"/>
        <line num="171" type="stmt" count="2"/>
        <line num="172" type="stmt" count="2"/>
        <line num="173" type="stmt" count="5"/>
        <line num="174" type="stmt" count="2"/>
        <line num="175" type="stmt" count="2"/>
        <line num="177" type="stmt" count="5"/>
        <line num="178" type="stmt" count="5"/>
        <line num="179" type="stmt" count="5"/>
        <line num="180" type="stmt" count="5"/>
        <line num="181" type="stmt" count="5"/>
        <line num="182" type="stmt" count="2"/>
        <line num="183" type="stmt" count="2"/>
        <line num="185" type="stmt" count="5"/>
        <line num="186" type="stmt" count="5"/>
        <line num="187" type="stmt" count="4"/>
        <line num="188" type="stmt" count="4"/>
        <line num="190" type="stmt" count="5"/>
        <line num="191" type="stmt" count="5"/>
        <line num="192" type="stmt" count="4"/>
        <line num="193" type="stmt" count="4"/>
        <line num="195" type="stmt" count="5"/>
        <line num="196" type="stmt" count="5"/>
        <line num="197" type="stmt" count="5"/>
        <line num="198" type="stmt" count="5"/>
        <line num="199" type="stmt" count="5"/>
        <line num="200" type="stmt" count="5"/>
        <line num="202" type="stmt" count="5"/>
        <line num="203" type="stmt" count="5"/>
        <line num="208" type="stmt" count="0"/>
        <metrics loc="207" ncloc="173" classes="1" methods="5" coveredmethods="5" conditionals="0" coveredconditionals="0" statements="111" coveredstatements="111" elements="116" coveredelements="116"/>
      </file>
    </package>
    <package name="Eloquent\Dumpling\Console">
      <file name="/home/travis/build/eloquent/dumpling/src/Eloquent/Dumpling/Console/DumplingApplication.php">
        <class name="DumplingApplication" namespace="Eloquent\Dumpling\Console">
          <metrics methods="2" coveredmethods="2" conditionals="0" coveredconditionals="0" statements="8" coveredstatements="8" elements="10" coveredelements="10"/>
        </class>
        <line num="31" type="method" name="__construct" crap="1" count="2"/>
        <line num="33" type="stmt" count="2"/>
        <line num="35" type="stmt" count="2"/>
        <line num="36" type="stmt" count="2"/>
        <line num="46" type="method" name="run" crap="2" count="1"/>
        <line num="50" type="stmt" count="1"/>
        <line num="51" type="stmt" count="1"/>
        <line num="52" type="stmt" count="1"/>
        <line num="54" type="stmt" count="1"/>
        <line num="55" type="stmt" count="1"/>
        <line num="57" type="stmt" count="0"/>
        <metrics loc="56" ncloc="31" classes="1" methods="2" coveredmethods="2" conditionals="0" coveredconditionals="0" statements="8" coveredstatements="8" elements="10" coveredelements="10"/>
      </file>
    </package>
    <package name="Eloquent\Dumpling\Console\Input">
      <file name="/home/travis/build/eloquent/dumpling/src/Eloquent/Dumpling/Console/Input/BoundArgvInput.php">
        <class name="BoundArgvInput" namespace="Eloquent\Dumpling\Console\Input">
          <metrics methods="1" coveredmethods="1" conditionals="0" coveredconditionals="0" statements="8" coveredstatements="8" elements="9" coveredelements="9"/>
        </class>
        <line num="30" type="method" name="__construct" crap="3" count="3"/>
        <line num="35" type="stmt" count="3"/>
        <line num="36" type="stmt" count="2"/>
        <line num="37" type="stmt" count="1"/>
        <line num="40" type="stmt" count="1"/>
        <line num="41" type="stmt" count="1"/>
        <line num="43" type="stmt" count="2"/>
        <line num="45" type="stmt" count="2"/>
        <line num="46" type="stmt" count="2"/>
        <line num="48" type="stmt" count="0"/>
        <metrics loc="47" ncloc="27" classes="1" methods="1" coveredmethods="1" conditionals="0" coveredconditionals="0" statements="8" coveredstatements="8" elements="9" coveredelements="9"/>
      </file>
    </package>
    <package name="Eloquent\Dumpling\Console\Input\Exception">
      <file name="/home/travis/build/eloquent/dumpling/src/Eloquent/Dumpling/Console/Input/Exception/UndefinedArgvException.php">
        <class name="UndefinedArgvException" namespace="Eloquent\Dumpling\Console\Input\Exception">
          <metrics methods="1" coveredmethods="1" conditionals="0" coveredconditionals="0" statements="2" coveredstatements="2" elements="3" coveredelements="3"/>
        </class>
        <line num="26" type="method" name="__construct" crap="1" count="1"/>
        <line num="28" type="stmt" count="1"/>
        <line num="29" type="stmt" count="1"/>
        <line num="31" type="stmt" count="0"/>
        <metrics loc="30" ncloc="14" classes="1" methods="1" coveredmethods="1" conditionals="0" coveredconditionals="0" statements="2" coveredstatements="2" elements="3" coveredelements="3"/>
      </file>
    </package>
    <package name="Eloquent\Dumpling\Mysql\Client">
      <file name="/home/travis/build/eloquent/dumpling/src/Eloquent/Dumpling/Mysql/Client/MysqlClient.php">
        <class name="MysqlClient" namespace="Eloquent\Dumpling\Mysql\Client">
          <metrics methods="9" coveredmethods="9" conditionals="0" coveredconditionals="0" statements="43" coveredstatements="43" elements="52" coveredelements="52"/>
        </class>
        <line num="32" type="method" name="__construct" crap="5" count="5"/>
        <line num="39" type="stmt" count="5"/>
        <line num="40" type="stmt" count="1"/>
        <line num="41" type="stmt" count="1"/>
        <line num="42" type="stmt" count="5"/>
        <line num="43" type="stmt" count="1"/>
        <line num="44" type="stmt" count="1"/>
        <line num="45" type="stmt" count="5"/>
        <line num="46" type="stmt" count="1"/>
        <line num="47" type="stmt" count="1"/>
        <line num="48" type="stmt" count="5"/>
        <line num="49" type="stmt" count="1"/>
        <line num="50" type="stmt" count="1"/>
        <line num="52" type="stmt" count="5"/>
        <line num="53" type="stmt" count="5"/>
        <line num="54" type="stmt" count="5"/>
        <line num="55" type="stmt" count="5"/>
        <line num="56" type="stmt" count="5"/>
        <line num="57" type="stmt" count="5"/>
        <line num="62" type="method" name="__destruct" crap="2" count="3"/>
        <line num="64" type="stmt" count="3"/>
        <line num="65" type="stmt" count="1"/>
        <line num="66" type="stmt" count="1"/>
        <line num="67" type="stmt" count="3"/>
        <line num="74" type="method" name="username" crap="1" count="4"/>
        <line num="76" type="stmt" count="4"/>
        <line num="84" type="method" name="password" crap="1" count="4"/>
        <line num="86" type="stmt" count="4"/>
        <line num="94" type="method" name="host" crap="1" count="4"/>
        <line num="96" type="stmt" count="4"/>
        <line num="104" type="method" name="port" crap="1" count="4"/>
        <line num="106" type="stmt" count="4"/>
        <line num="114" type="method" name="connectionFactory" crap="1" count="4"/>
        <line num="116" type="stmt" count="4"/>
        <line num="124" type="method" name="listDatabases" crap="2" count="2"/>
        <line num="126" type="stmt" count="2"/>
        <line num="128" type="stmt" count="2"/>
        <line num="130" type="stmt" count="2"/>
        <line num="131" type="stmt" count="2"/>
        <line num="132" type="stmt" count="2"/>
        <line num="133" type="stmt" count="2"/>
        <line num="135" type="stmt" count="2"/>
        <line num="143" type="method" name="connection" crap="2" count="2"/>
        <line num="145" type="stmt" count="2"/>
        <line num="146" type="stmt" count="2"/>
        <line num="147" type="stmt" count="2"/>
        <line num="148" type="stmt" count="2"/>
        <line num="149" type="stmt" count="2"/>
        <line num="150" type="stmt" count="2"/>
        <line num="151" type="stmt" count="2"/>
        <line num="152" type="stmt" count="2"/>
        <line num="154" type="stmt" count="2"/>
        <line num="164" type="stmt" count="0"/>
        <metrics loc="163" ncloc="105" classes="1" methods="9" coveredmethods="9" conditionals="0" coveredconditionals="0" statements="43" coveredstatements="43" elements="52" coveredelements="52"/>
      </file>
      <file name="/home/travis/build/eloquent/dumpling/src/Eloquent/Dumpling/Mysql/Client/MysqlClientFactory.php">
        <class name="MysqlClientFactory" namespace="Eloquent\Dumpling\Mysql\Client">
          <metrics methods="1" coveredmethods="1" conditionals="0" coveredconditionals="0" statements="1" coveredstatements="1" elements="2" coveredelements="2"/>
        </class>
        <line num="29" type="method" name="create" crap="1" count="1"/>
        <line num="35" type="stmt" count="1"/>
        <line num="38" type="stmt" count="0"/>
        <metrics loc="37" ncloc="16" classes="1" methods="1" coveredmethods="1" conditionals="0" coveredconditionals="0" statements="1" coveredstatements="1" elements="2" coveredelements="2"/>
      </file>
    </package>
    <file name="/home/travis/build/eloquent/dumpling/src/Eloquent/Dumpling/Mysql/Client/MysqlClientFactoryInterface.php">
      <line num="36" type="stmt" count="0"/>
      <metrics loc="35" ncloc="14" classes="0" methods="0" coveredmethods="0" conditionals="0" coveredconditionals="0" statements="0" coveredstatements="0" elements="0" coveredelements="0"/>
    </file>
    <file name="/home/travis/build/eloquent/dumpling/src/Eloquent/Dumpling/Mysql/Client/MysqlClientInterface.php">
      <line num="54" type="stmt" count="0"/>
      <metrics loc="53" ncloc="17" classes="0" methods="0" coveredmethods="0" conditionals="0" coveredconditionals="0" statements="0" coveredstatements="0" elements="0" coveredelements="0"/>
    </file>
    <package name="Eloquent\Dumpling\Mysql\Connection">
      <file name="/home/travis/build/eloquent/dumpling/src/Eloquent/Dumpling/Mysql/Connection/MysqlConnectionFactory.php">
        <class name="MysqlConnectionFactory" namespace="Eloquent\Dumpling\Mysql\Connection">
          <metrics methods="2" coveredmethods="2" conditionals="0" coveredconditionals="0" statements="8" coveredstatements="8" elements="10" coveredelements="10"/>
        </class>
        <line num="26" type="method" name="__construct" crap="1" count="1"/>
        <line num="28" type="stmt" count="1"/>
        <line num="29" type="stmt" count="1"/>
        <line num="41" type="method" name="create" crap="1" count="1"/>
        <line num="47" type="stmt" count="1"/>
        <line num="48" type="stmt" count="1"/>
        <line num="49" type="stmt" count="1"/>
        <line num="50" type="stmt" count="1"/>
        <line num="51" type="stmt" count="1"/>
        <line num="53" type="stmt" count="1"/>
        <line num="58" type="stmt" count="0"/>
        <metrics loc="57" ncloc="31" classes="1" methods="2" coveredmethods="2" conditionals="0" coveredconditionals="0" statements="8" coveredstatements="8" elements="10" coveredelements="10"/>
      </file>
    </package>
    <file name="/home/travis/build/eloquent/dumpling/src/Eloquent/Dumpling/Mysql/Connection/MysqlConnectionFactoryInterface.php">
      <line num="36" type="stmt" count="0"/>
      <metrics loc="35" ncloc="14" classes="0" methods="0" coveredmethods="0" conditionals="0" coveredconditionals="0" statements="0" coveredstatements="0" elements="0" coveredelements="0"/>
    </file>
    <package name="Eloquent\Dumpling\Mysql\Dumper\Exception">
      <file name="/home/travis/build/eloquent/dumpling/src/Eloquent/Dumpling/Mysql/Dumper/Exception/DumpFailedException.php">
        <class name="DumpFailedException" namespace="Eloquent\Dumpling\Mysql\Dumper\Exception">
          <metrics methods="1" coveredmethods="1" conditionals="0" coveredconditionals="0" statements="2" coveredstatements="2" elements="3" coveredelements="3"/>
        </class>
        <line num="26" type="method" name="__construct" crap="1" count="1"/>
        <line num="28" type="stmt" count="1"/>
        <line num="29" type="stmt" count="1"/>
        <line num="31" type="stmt" count="0"/>
        <metrics loc="30" ncloc="14" classes="1" methods="1" coveredmethods="1" conditionals="0" coveredconditionals="0" statements="2" coveredstatements="2" elements="3" coveredelements="3"/>
      </file>
      <file name="/home/travis/build/eloquent/dumpling/src/Eloquent/Dumpling/Mysql/Dumper/Exception/MysqldumpException.php">
        <class name="MysqldumpException" namespace="Eloquent\Dumpling\Mysql\Dumper\Exception">
          <metrics methods="1" coveredmethods="1" conditionals="0" coveredconditionals="0" statements="2" coveredstatements="2" elements="3" coveredelements="3"/>
        </class>
        <line num="28" type="method" name="__construct" crap="1" count="1"/>
        <line num="30" type="stmt" count="1"/>
        <line num="31" type="stmt" count="1"/>
        <line num="33" type="stmt" count="0"/>
        <metrics loc="32" ncloc="14" classes="1" methods="1" coveredmethods="1" conditionals="0" coveredconditionals="0" statements="2" coveredstatements="2" elements="3" coveredelements="3"/>
      </file>
      <file name="/home/travis/build/eloquent/dumpling/src/Eloquent/Dumpling/Mysql/Dumper/Exception/NoDatabasesException.php">
        <class name="NoDatabasesException" namespace="Eloquent\Dumpling\Mysql\Dumper\Exception">
          <metrics methods="1" coveredmethods="1" conditionals="0" coveredconditionals="0" statements="2" coveredstatements="2" elements="3" coveredelements="3"/>
        </class>
        <line num="26" type="method" name="__construct" crap="1" count="1"/>
        <line num="28" type="stmt" count="1"/>
        <line num="29" type="stmt" count="1"/>
        <line num="31" type="stmt" count="0"/>
        <metrics loc="30" ncloc="14" classes="1" methods="1" coveredmethods="1" conditionals="0" coveredconditionals="0" statements="2" coveredstatements="2" elements="3" coveredelements="3"/>
      </file>
      <file name="/home/travis/build/eloquent/dumpling/src/Eloquent/Dumpling/Mysql/Dumper/Exception/UnqualifiedTableException.php">
        <class name="UnqualifiedTableException" namespace="Eloquent\Dumpling\Mysql\Dumper\Exception">
          <metrics methods="2" coveredmethods="2" conditionals="0" coveredconditionals="0" statements="10" coveredstatements="10" elements="12" coveredelements="12"/>
        </class>
        <line num="27" type="method" name="__construct" crap="1" count="1"/>
        <line num="29" type="stmt" count="1"/>
        <line num="31" type="stmt" count="1"/>
        <line num="32" type="stmt" count="1"/>
        <line num="33" type="stmt" count="1"/>
        <line num="34" type="stmt" count="1"/>
        <line num="35" type="stmt" count="1"/>
        <line num="36" type="stmt" count="1"/>
        <line num="38" type="stmt" count="1"/>
        <line num="39" type="stmt" count="1"/>
        <line num="46" type="method" name="table" crap="1" count="1"/>
        <line num="48" type="stmt" count="1"/>
        <line num="53" type="stmt" count="0"/>
        <metrics loc="52" ncloc="30" classes="1" methods="2" coveredmethods="2" conditionals="0" coveredconditionals="0" statements="10" coveredstatements="10" elements="12" coveredelements="12"/>
      </file>
    </package>
    <package name="Eloquent\Dumpling\Mysql\Dumper">
      <file name="/home/travis/build/eloquent/dumpling/src/Eloquent/Dumpling/Mysql/Dumper/MysqlDumper.php">
        <class name="MysqlDumper" namespace="Eloquent\Dumpling\Mysql\Dumper">
          <metrics methods="17" coveredmethods="17" conditionals="0" coveredconditionals="0" statements="234" coveredstatements="234" elements="251" coveredelements="251"/>
        </class>
        <line num="34" type="method" name="__construct" crap="3" count="18"/>
        <line num="39" type="stmt" count="18"/>
        <line num="40" type="stmt" count="1"/>
        <line num="41" type="stmt" count="1"/>
        <line num="42" type="stmt" count="18"/>
        <line num="43" type="stmt" count="1"/>
        <line num="44" type="stmt" count="1"/>
        <line num="46" type="stmt" count="18"/>
        <line num="47" type="stmt" count="18"/>
        <line num="48" type="stmt" count="18"/>
        <line num="49" type="stmt" count="18"/>
        <line num="56" type="method" name="client" crap="1" count="17"/>
        <line num="58" type="stmt" count="17"/>
        <line num="66" type="method" name="executableFinder" crap="1" count="2"/>
        <line num="68" type="stmt" count="2"/>
        <line num="76" type="method" name="processFactory" crap="1" count="16"/>
        <line num="78" type="stmt" count="16"/>
        <line num="99" type="method" name="dump" crap="4" count="16"/>
        <line num="108" type="stmt" count="16"/>
        <line num="109" type="stmt" count="16"/>
        <line num="110" type="stmt" count="16"/>
        <line num="111" type="stmt" count="16"/>
        <line num="112" type="stmt" count="16"/>
        <line num="113" type="stmt" count="16"/>
        <line num="114" type="stmt" count="16"/>
        <line num="115" type="stmt" count="16"/>
        <line num="116" type="stmt" count="16"/>
        <line num="117" type="stmt" count="16"/>
        <line num="118" type="stmt" count="16"/>
        <line num="119" type="stmt" count="16"/>
        <line num="120" type="stmt" count="16"/>
        <line num="121" type="stmt" count="16"/>
        <line num="123" type="stmt" count="16"/>
        <line num="124" type="stmt" count="16"/>
        <line num="125" type="stmt" count="16"/>
        <line num="127" type="stmt" count="16"/>
        <line num="128" type="stmt" count="2"/>
        <line num="129" type="stmt" count="2"/>
        <line num="131" type="stmt" count="16"/>
        <line num="132" type="stmt" count="16"/>
        <line num="133" type="stmt" count="16"/>
        <line num="134" type="stmt" count="16"/>
        <line num="136" type="stmt" count="16"/>
        <line num="138" type="stmt" count="14"/>
        <line num="139" type="stmt" count="14"/>
        <line num="140" type="stmt" count="2"/>
        <line num="141" type="stmt" count="2"/>
        <line num="142" type="stmt" count="12"/>
        <line num="144" type="stmt" count="13"/>
        <line num="160" type="method" name="dumpToStream" crap="2" count="1"/>
        <line num="168" type="stmt" count="1"/>
        <line num="169" type="stmt" count="1"/>
        <line num="171" type="stmt" count="1"/>
        <line num="172" type="stmt" count="1"/>
        <line num="173" type="stmt" count="1"/>
        <line num="174" type="stmt" count="1"/>
        <line num="175" type="stmt" count="1"/>
        <line num="176" type="stmt" count="1"/>
        <line num="177" type="stmt" count="1"/>
        <line num="178" type="stmt" count="1"/>
        <line num="180" type="stmt" count="1"/>
        <line num="182" type="stmt" count="1"/>
        <line num="199" type="method" name="dumpToString" crap="2" count="1"/>
        <line num="206" type="stmt" count="1"/>
        <line num="207" type="stmt" count="1"/>
        <line num="209" type="stmt" count="1"/>
        <line num="210" type="stmt" count="1"/>
        <line num="211" type="stmt" count="1"/>
        <line num="212" type="stmt" count="1"/>
        <line num="213" type="stmt" count="1"/>
        <line num="214" type="stmt" count="1"/>
        <line num="215" type="stmt" count="1"/>
        <line num="216" type="stmt" count="1"/>
        <line num="218" type="stmt" count="1"/>
        <line num="220" type="stmt" count="1"/>
        <line num="237" type="method" name="dumpToConsole" crap="2" count="1"/>
        <line num="245" type="stmt" count="1"/>
        <line num="247" type="stmt" count="1"/>
        <line num="248" type="stmt" count="1"/>
        <line num="249" type="stmt" count="1"/>
        <line num="250" type="stmt" count="1"/>
        <line num="251" type="stmt" count="1"/>
        <line num="252" type="stmt" count="1"/>
        <line num="253" type="stmt" count="1"/>
        <line num="254" type="stmt" count="1"/>
        <line num="256" type="stmt" count="1"/>
        <line num="269" type="method" name="dumpMulti" crap="2" count="2"/>
        <line num="271" type="stmt" count="2"/>
        <line num="272" type="stmt" count="2"/>
        <line num="273" type="stmt" count="2"/>
        <line num="274" type="stmt" count="2"/>
        <line num="275" type="stmt" count="2"/>
        <line num="276" type="stmt" count="2"/>
        <line num="277" type="stmt" count="2"/>
        <line num="278" type="stmt" count="2"/>
        <line num="289" type="method" name="dumpSingle" crap="8" count="14"/>
        <line num="291" type="stmt" count="14"/>
        <line num="292" type="stmt" count="14"/>
        <line num="294" type="stmt" count="14"/>
        <line num="295" type="stmt" count="14"/>
        <line num="297" type="stmt" count="14"/>
        <line num="298" type="stmt" count="4"/>
        <line num="300" type="stmt" count="4"/>
        <line num="301" type="stmt" count="4"/>
        <line num="302" type="stmt" count="4"/>
        <line num="303" type="stmt" count="4"/>
        <line num="304" type="stmt" count="14"/>
        <line num="306" type="stmt" count="14"/>
        <line num="307" type="stmt" count="14"/>
        <line num="308" type="stmt" count="2"/>
        <line num="309" type="stmt" count="2"/>
        <line num="310" type="stmt" count="14"/>
        <line num="311" type="stmt" count="14"/>
        <line num="312" type="stmt" count="14"/>
        <line num="314" type="stmt" count="14"/>
        <line num="315" type="stmt" count="14"/>
        <line num="317" type="stmt" count="14"/>
        <line num="319" type="stmt" count="14"/>
        <line num="320" type="stmt" count="1"/>
        <line num="321" type="stmt" count="1"/>
        <line num="322" type="stmt" count="1"/>
        <line num="324" type="stmt" count="1"/>
        <line num="325" type="stmt" count="1"/>
        <line num="327" type="stmt" count="13"/>
        <line num="341" type="method" name="normalizeEntities" crap="17" count="16"/>
        <line num="347" type="stmt" count="16"/>
        <line num="348" type="stmt" count="11"/>
        <line num="349" type="stmt" count="11"/>
        <line num="350" type="stmt" count="16"/>
        <line num="351" type="stmt" count="11"/>
        <line num="352" type="stmt" count="11"/>
        <line num="353" type="stmt" count="16"/>
        <line num="354" type="stmt" count="14"/>
        <line num="355" type="stmt" count="14"/>
        <line num="356" type="stmt" count="16"/>
        <line num="357" type="stmt" count="14"/>
        <line num="358" type="stmt" count="14"/>
        <line num="360" type="stmt" count="16"/>
        <line num="361" type="stmt" count="16"/>
        <line num="362" type="stmt" count="16"/>
        <line num="364" type="stmt" count="16"/>
        <line num="365" type="stmt" count="9"/>
        <line num="366" type="stmt" count="9"/>
        <line num="367" type="stmt" count="16"/>
        <line num="368" type="stmt" count="16"/>
        <line num="369" type="stmt" count="1"/>
        <line num="372" type="stmt" count="15"/>
        <line num="373" type="stmt" count="15"/>
        <line num="375" type="stmt" count="15"/>
        <line num="376" type="stmt" count="15"/>
        <line num="377" type="stmt" count="15"/>
        <line num="378" type="stmt" count="15"/>
        <line num="380" type="stmt" count="15"/>
        <line num="381" type="stmt" count="15"/>
        <line num="382" type="stmt" count="15"/>
        <line num="384" type="stmt" count="15"/>
        <line num="385" type="stmt" count="15"/>
        <line num="386" type="stmt" count="12"/>
        <line num="387" type="stmt" count="12"/>
        <line num="388" type="stmt" count="15"/>
        <line num="389" type="stmt" count="14"/>
        <line num="390" type="stmt" count="14"/>
        <line num="392" type="stmt" count="14"/>
        <line num="394" type="stmt" count="14"/>
        <line num="395" type="stmt" count="14"/>
        <line num="396" type="stmt" count="14"/>
        <line num="398" type="stmt" count="12"/>
        <line num="399" type="stmt" count="8"/>
        <line num="400" type="stmt" count="12"/>
        <line num="401" type="stmt" count="8"/>
        <line num="404" type="stmt" count="12"/>
        <line num="405" type="stmt" count="12"/>
        <line num="406" type="stmt" count="12"/>
        <line num="408" type="stmt" count="14"/>
        <line num="409" type="stmt" count="14"/>
        <line num="410" type="stmt" count="4"/>
        <line num="411" type="stmt" count="4"/>
        <line num="412" type="stmt" count="4"/>
        <line num="414" type="stmt" count="4"/>
        <line num="415" type="stmt" count="4"/>
        <line num="416" type="stmt" count="14"/>
        <line num="417" type="stmt" count="14"/>
        <line num="418" type="stmt" count="2"/>
        <line num="419" type="stmt" count="2"/>
        <line num="420" type="stmt" count="2"/>
        <line num="421" type="stmt" count="14"/>
        <line num="423" type="stmt" count="14"/>
        <line num="433" type="method" name="normalizeArray" crap="1" count="16"/>
        <line num="435" type="stmt" count="16"/>
        <line num="436" type="stmt" count="16"/>
        <line num="437" type="stmt" count="16"/>
        <line num="438" type="stmt" count="15"/>
        <line num="439" type="stmt" count="16"/>
        <line num="441" type="stmt" count="16"/>
        <line num="442" type="stmt" count="16"/>
        <line num="454" type="method" name="normalizeTables" crap="4" count="15"/>
        <line num="456" type="stmt" count="15"/>
        <line num="457" type="stmt" count="15"/>
        <line num="458" type="stmt" count="6"/>
        <line num="460" type="stmt" count="6"/>
        <line num="461" type="stmt" count="4"/>
        <line num="462" type="stmt" count="4"/>
        <line num="463" type="stmt" count="2"/>
        <line num="464" type="stmt" count="1"/>
        <line num="467" type="stmt" count="1"/>
        <line num="470" type="stmt" count="5"/>
        <line num="471" type="stmt" count="14"/>
        <line num="473" type="stmt" count="14"/>
        <line num="481" type="method" name="writePrimaryHeader" crap="1" count="14"/>
        <line num="483" type="stmt" count="14"/>
        <line num="484" type="stmt" count="14"/>
        <line num="485" type="stmt" count="14"/>
        <line num="486" type="stmt" count="14"/>
        <line num="488" type="stmt" count="14"/>
        <line num="489" type="stmt" count="14"/>
        <line num="490" type="stmt" count="14"/>
        <line num="497" type="method" name="writeCommandHeader" crap="7" count="14"/>
        <line num="499" type="stmt" count="14"/>
        <line num="500" type="stmt" count="14"/>
        <line num="501" type="stmt" count="14"/>
        <line num="502" type="stmt" count="14"/>
        <line num="503" type="stmt" count="14"/>
        <line num="504" type="stmt" count="14"/>
        <line num="506" type="stmt" count="14"/>
        <line num="507" type="stmt" count="14"/>
        <line num="508" type="stmt" count="14"/>
        <line num="509" type="stmt" count="14"/>
        <line num="511" type="stmt" count="14"/>
        <line num="513" type="stmt" count="14"/>
        <line num="514" type="stmt" count="14"/>
        <line num="515" type="stmt" count="14"/>
        <line num="516" type="stmt" count="14"/>
        <line num="517" type="stmt" count="14"/>
        <line num="519" type="stmt" count="14"/>
        <line num="521" type="stmt" count="14"/>
        <line num="522" type="stmt" count="14"/>
        <line num="523" type="stmt" count="14"/>
        <line num="524" type="stmt" count="14"/>
        <line num="525" type="stmt" count="14"/>
        <line num="526" type="stmt" count="14"/>
        <line num="527" type="stmt" count="14"/>
        <line num="528" type="stmt" count="14"/>
        <line num="529" type="stmt" count="14"/>
        <line num="530" type="stmt" count="14"/>
        <line num="537" type="method" name="writeOutput" crap="1" count="14"/>
        <line num="539" type="stmt" count="14"/>
        <line num="540" type="stmt" count="14"/>
        <line num="546" type="stmt" count="0"/>
        <metrics loc="545" ncloc="390" classes="1" methods="17" coveredmethods="17" conditionals="0" coveredconditionals="0" statements="231" coveredstatements="231" elements="248" coveredelements="248"/>
      </file>
      <file name="/home/travis/build/eloquent/dumpling/src/Eloquent/Dumpling/Mysql/Dumper/MysqlDumperFactory.php">
        <class name="MysqlDumperFactory" namespace="Eloquent\Dumpling\Mysql\Dumper">
          <metrics methods="1" coveredmethods="1" conditionals="0" coveredconditionals="0" statements="1" coveredstatements="1" elements="2" coveredelements="2"/>
        </class>
        <line num="32" type="method" name="create" crap="1" count="1"/>
        <line num="37" type="stmt" count="1"/>
        <line num="40" type="stmt" count="0"/>
        <metrics loc="39" ncloc="19" classes="1" methods="1" coveredmethods="1" conditionals="0" coveredconditionals="0" statements="1" coveredstatements="1" elements="2" coveredelements="2"/>
      </file>
    </package>
    <file name="/home/travis/build/eloquent/dumpling/src/Eloquent/Dumpling/Mysql/Dumper/MysqlDumperFactoryInterface.php">
      <line num="38" type="stmt" count="0"/>
      <metrics loc="37" ncloc="17" classes="0" methods="0" coveredmethods="0" conditionals="0" coveredconditionals="0" statements="0" coveredstatements="0" elements="0" coveredelements="0"/>
    </file>
    <file name="/home/travis/build/eloquent/dumpling/src/Eloquent/Dumpling/Mysql/Dumper/MysqlDumperInterface.php">
      <line num="116" type="stmt" count="0"/>
      <metrics loc="115" ncloc="44" classes="0" methods="0" coveredmethods="0" conditionals="0" coveredconditionals="0" statements="0" coveredstatements="0" elements="0" coveredelements="0"/>
    </file>
    <package name="Eloquent\Dumpling\Process">
      <file name="/home/travis/build/eloquent/dumpling/src/Eloquent/Dumpling/Process/ProcessFactory.php">
        <class name="ProcessFactory" namespace="Eloquent\Dumpling\Process">
          <metrics methods="1" coveredmethods="1" conditionals="0" coveredconditionals="0" statements="2" coveredstatements="2" elements="3" coveredelements="3"/>
        </class>
        <line num="28" type="method" name="create" crap="1" count="1"/>
        <line num="30" type="stmt" count="1"/>
        <line num="32" type="stmt" count="1"/>
        <line num="35" type="stmt" count="0"/>
        <metrics loc="34" ncloc="16" classes="1" methods="1" coveredmethods="1" conditionals="0" coveredconditionals="0" statements="2" coveredstatements="2" elements="3" coveredelements="3"/>
      </file>
    </package>
    <file name="/home/travis/build/eloquent/dumpling/src/Eloquent/Dumpling/Process/ProcessFactoryInterface.php">
      <line num="28" type="stmt" count="0"/>
      <metrics loc="27" ncloc="9" classes="0" methods="0" coveredmethods="0" conditionals="0" coveredconditionals="0" statements="0" coveredstatements="0" elements="0" coveredelements="0"/>
    </file>
    <metrics files="20" loc="1661" ncloc="1009" classes="14" methods="45" coveredmethods="45" conditionals="0" coveredconditionals="0" statements="431" coveredstatements="431" elements="476" coveredelements="476"/>
  </project>
</coverage>
