<?xml version="1.0" encoding="UTF-8"?>
<testsuites>
  <testsuite name="" tests="44" assertions="125" failures="0" errors="0" time="0.911271">
    <testsuite name="Eloquent\Dumpling\Console\Command\DumplingCommandTest" file="/home/travis/build/eloquent/dumpling/test/suite/Eloquent/Dumpling/Console/Command/DumplingCommandTest.php" namespace="Eloquent\Dumpling\Console\Command" fullPackage="Eloquent.Dumpling.Console.Command" tests="7" assertions="17" failures="0" errors="0" time="0.227558">
      <testcase name="testConstructor" class="Eloquent\Dumpling\Console\Command\DumplingCommandTest" file="/home/travis/build/eloquent/dumpling/test/suite/Eloquent/Dumpling/Console/Command/DumplingCommandTest.php" line="38" assertions="5" time="0.094204"/>
      <testcase name="testConstructorDefaults" class="Eloquent\Dumpling\Console\Command\DumplingCommandTest" file="/home/travis/build/eloquent/dumpling/test/suite/Eloquent/Dumpling/Console/Command/DumplingCommandTest.php" line="142" assertions="2" time="0.017485"/>
      <testsuite name="Eloquent\Dumpling\Console\Command\DumplingCommandTest::testExecute" tests="5" assertions="10" failures="0" errors="0" time="0.115869">
        <testcase name="testExecute with data set &quot;All defaults&quot;" assertions="2" time="0.026040"/>
        <testcase name="testExecute with data set &quot;Shorthand args&quot;" assertions="2" time="0.022427"/>
        <testcase name="testExecute with data set &quot;Connection details&quot;" assertions="2" time="0.021285"/>
        <testcase name="testExecute with data set &quot;Include/exclude&quot;" assertions="2" time="0.023112"/>
        <testcase name="testExecute with data set &quot;Mixed shorthand and options&quot;" assertions="2" time="0.023005"/>
      </testsuite>
    </testsuite>
    <testsuite name="Eloquent\Dumpling\Console\DumplingApplicationTest" file="/home/travis/build/eloquent/dumpling/test/suite/Eloquent/Dumpling/Console/DumplingApplicationTest.php" namespace="Eloquent\Dumpling\Console" fullPackage="Eloquent.Dumpling.Console" tests="2" assertions="7" failures="0" errors="0" time="0.100205">
      <testcase name="testConstructor" class="Eloquent\Dumpling\Console\DumplingApplicationTest" file="/home/travis/build/eloquent/dumpling/test/suite/Eloquent/Dumpling/Console/DumplingApplicationTest.php" line="26" assertions="3" time="0.044728"/>
      <testcase name="testRun" class="Eloquent\Dumpling\Console\DumplingApplicationTest" file="/home/travis/build/eloquent/dumpling/test/suite/Eloquent/Dumpling/Console/DumplingApplicationTest.php" line="33" assertions="4" time="0.055477"/>
    </testsuite>
    <testsuite name="Eloquent\Dumpling\Console\Input\BoundArgvInputTest" file="/home/travis/build/eloquent/dumpling/test/suite/Eloquent/Dumpling/Console/Input/BoundArgvInputTest.php" namespace="Eloquent\Dumpling\Console\Input" fullPackage="Eloquent.Dumpling.Console.Input" tests="3" assertions="3" failures="0" errors="0" time="0.014776">
      <testcase name="testConstructor" class="Eloquent\Dumpling\Console\Input\BoundArgvInputTest" file="/home/travis/build/eloquent/dumpling/test/suite/Eloquent/Dumpling/Console/Input/BoundArgvInputTest.php" line="33" assertions="1" time="0.006155"/>
      <testcase name="testConstructorDefaults" class="Eloquent\Dumpling\Console\Input\BoundArgvInputTest" file="/home/travis/build/eloquent/dumpling/test/suite/Eloquent/Dumpling/Console/Input/BoundArgvInputTest.php" line="46" assertions="1" time="0.003955"/>
      <testcase name="testConstructorDefaultsNoArgv" class="Eloquent\Dumpling\Console\Input\BoundArgvInputTest" file="/home/travis/build/eloquent/dumpling/test/suite/Eloquent/Dumpling/Console/Input/BoundArgvInputTest.php" line="59" assertions="1" time="0.004666"/>
    </testsuite>
    <testsuite name="Eloquent\Dumpling\Console\Input\Exception\UndefinedArgvExceptionTest" file="/home/travis/build/eloquent/dumpling/test/suite/Eloquent/Dumpling/Console/Input/Exception/UndefinedArgvExceptionTest.php" namespace="Eloquent\Dumpling\Console\Input\Exception" fullPackage="Eloquent.Dumpling.Console.Input.Exception" tests="1" assertions="3" failures="0" errors="0" time="0.003224">
      <testcase name="testException" class="Eloquent\Dumpling\Console\Input\Exception\UndefinedArgvExceptionTest" file="/home/travis/build/eloquent/dumpling/test/suite/Eloquent/Dumpling/Console/Input/Exception/UndefinedArgvExceptionTest.php" line="19" assertions="3" time="0.003224"/>
    </testsuite>
    <testsuite name="Eloquent\Dumpling\Mysql\Client\MysqlClientFactoryTest" file="/home/travis/build/eloquent/dumpling/test/suite/Eloquent/Dumpling/Mysql/Client/MysqlClientFactoryTest.php" namespace="Eloquent\Dumpling\Mysql\Client" fullPackage="Eloquent.Dumpling.Mysql.Client" tests="1" assertions="1" failures="0" errors="0" time="0.008373">
      <testcase name="testFactory" class="Eloquent\Dumpling\Mysql\Client\MysqlClientFactoryTest" file="/home/travis/build/eloquent/dumpling/test/suite/Eloquent/Dumpling/Mysql/Client/MysqlClientFactoryTest.php" line="18" assertions="1" time="0.008373"/>
    </testsuite>
    <testsuite name="Eloquent\Dumpling\Mysql\Client\MysqlClientTest" file="/home/travis/build/eloquent/dumpling/test/suite/Eloquent/Dumpling/Mysql/Client/MysqlClientTest.php" namespace="Eloquent\Dumpling\Mysql\Client" fullPackage="Eloquent.Dumpling.Mysql.Client" tests="5" assertions="17" failures="0" errors="0" time="0.071456">
      <testcase name="testConstructor" class="Eloquent\Dumpling\Mysql\Client\MysqlClientTest" file="/home/travis/build/eloquent/dumpling/test/suite/Eloquent/Dumpling/Mysql/Client/MysqlClientTest.php" line="40" assertions="5" time="0.021685"/>
      <testcase name="testConstructorDefaults" class="Eloquent\Dumpling\Mysql\Client\MysqlClientTest" file="/home/travis/build/eloquent/dumpling/test/suite/Eloquent/Dumpling/Mysql/Client/MysqlClientTest.php" line="49" assertions="5" time="0.008694"/>
      <testcase name="testDestructor" class="Eloquent\Dumpling\Mysql\Client\MysqlClientTest" file="/home/travis/build/eloquent/dumpling/test/suite/Eloquent/Dumpling/Mysql/Client/MysqlClientTest.php" line="63" assertions="1" time="0.008070"/>
      <testcase name="testDestructorCloseConnection" class="Eloquent\Dumpling\Mysql\Client\MysqlClientTest" file="/home/travis/build/eloquent/dumpling/test/suite/Eloquent/Dumpling/Mysql/Client/MysqlClientTest.php" line="70" assertions="1" time="0.011740"/>
      <testcase name="testListDatabases" class="Eloquent\Dumpling\Mysql\Client\MysqlClientTest" file="/home/travis/build/eloquent/dumpling/test/suite/Eloquent/Dumpling/Mysql/Client/MysqlClientTest.php" line="78" assertions="5" time="0.021267"/>
    </testsuite>
    <testsuite name="Eloquent\Dumpling\Mysql\Connection\MysqlConnectionFactoryTest" file="/home/travis/build/eloquent/dumpling/test/suite/Eloquent/Dumpling/Mysql/Connection/MysqlConnectionFactoryTest.php" namespace="Eloquent\Dumpling\Mysql\Connection" fullPackage="Eloquent.Dumpling.Mysql.Connection" tests="1" assertions="2" failures="0" errors="0" time="0.058341">
      <testcase name="testFactory" class="Eloquent\Dumpling\Mysql\Connection\MysqlConnectionFactoryTest" file="/home/travis/build/eloquent/dumpling/test/suite/Eloquent/Dumpling/Mysql/Connection/MysqlConnectionFactoryTest.php" line="20" assertions="2" time="0.058341"/>
    </testsuite>
    <testsuite name="Eloquent\Dumpling\Mysql\Dumper\Exception\DumpFailedExceptionTest" file="/home/travis/build/eloquent/dumpling/test/suite/Eloquent/Dumpling/Mysql/Dumper/Exception/DumpFailedExceptionTest.php" namespace="Eloquent\Dumpling\Mysql\Dumper\Exception" fullPackage="Eloquent.Dumpling.Mysql.Dumper.Exception" tests="1" assertions="3" failures="0" errors="0" time="0.003849">
      <testcase name="testException" class="Eloquent\Dumpling\Mysql\Dumper\Exception\DumpFailedExceptionTest" file="/home/travis/build/eloquent/dumpling/test/suite/Eloquent/Dumpling/Mysql/Dumper/Exception/DumpFailedExceptionTest.php" line="19" assertions="3" time="0.003849"/>
    </testsuite>
    <testsuite name="Eloquent\Dumpling\Mysql\Dumper\Exception\MysqldumpExceptionTest" file="/home/travis/build/eloquent/dumpling/test/suite/Eloquent/Dumpling/Mysql/Dumper/Exception/MysqldumpExceptionTest.php" namespace="Eloquent\Dumpling\Mysql\Dumper\Exception" fullPackage="Eloquent.Dumpling.Mysql.Dumper.Exception" tests="1" assertions="3" failures="0" errors="0" time="0.003676">
      <testcase name="testException" class="Eloquent\Dumpling\Mysql\Dumper\Exception\MysqldumpExceptionTest" file="/home/travis/build/eloquent/dumpling/test/suite/Eloquent/Dumpling/Mysql/Dumper/Exception/MysqldumpExceptionTest.php" line="19" assertions="3" time="0.003676"/>
    </testsuite>
    <testsuite name="Eloquent\Dumpling\Mysql\Dumper\Exception\NoDatabasesExceptionTest" file="/home/travis/build/eloquent/dumpling/test/suite/Eloquent/Dumpling/Mysql/Dumper/Exception/NoDatabasesExceptionTest.php" namespace="Eloquent\Dumpling\Mysql\Dumper\Exception" fullPackage="Eloquent.Dumpling.Mysql.Dumper.Exception" tests="1" assertions="3" failures="0" errors="0" time="0.003901">
      <testcase name="testException" class="Eloquent\Dumpling\Mysql\Dumper\Exception\NoDatabasesExceptionTest" file="/home/travis/build/eloquent/dumpling/test/suite/Eloquent/Dumpling/Mysql/Dumper/Exception/NoDatabasesExceptionTest.php" line="19" assertions="3" time="0.003901"/>
    </testsuite>
    <testsuite name="Eloquent\Dumpling\Mysql\Dumper\Exception\UnqualifiedTableExceptionTest" file="/home/travis/build/eloquent/dumpling/test/suite/Eloquent/Dumpling/Mysql/Dumper/Exception/UnqualifiedTableExceptionTest.php" namespace="Eloquent\Dumpling\Mysql\Dumper\Exception" fullPackage="Eloquent.Dumpling.Mysql.Dumper.Exception" tests="1" assertions="4" failures="0" errors="0" time="0.004157">
      <testcase name="testException" class="Eloquent\Dumpling\Mysql\Dumper\Exception\UnqualifiedTableExceptionTest" file="/home/travis/build/eloquent/dumpling/test/suite/Eloquent/Dumpling/Mysql/Dumper/Exception/UnqualifiedTableExceptionTest.php" line="19" assertions="4" time="0.004157"/>
    </testsuite>
    <testsuite name="Eloquent\Dumpling\Mysql\Dumper\MysqlDumperFactoryTest" file="/home/travis/build/eloquent/dumpling/test/suite/Eloquent/Dumpling/Mysql/Dumper/MysqlDumperFactoryTest.php" namespace="Eloquent\Dumpling\Mysql\Dumper" fullPackage="Eloquent.Dumpling.Mysql.Dumper" tests="1" assertions="4" failures="0" errors="0" time="0.005297">
      <testcase name="testFactory" class="Eloquent\Dumpling\Mysql\Dumper\MysqlDumperFactoryTest" file="/home/travis/build/eloquent/dumpling/test/suite/Eloquent/Dumpling/Mysql/Dumper/MysqlDumperFactoryTest.php" line="21" assertions="4" time="0.005297"/>
    </testsuite>
    <testsuite name="Eloquent\Dumpling\Mysql\Dumper\MysqlDumperTest" file="/home/travis/build/eloquent/dumpling/test/suite/Eloquent/Dumpling/Mysql/Dumper/MysqlDumperTest.php" namespace="Eloquent\Dumpling\Mysql\Dumper" fullPackage="Eloquent.Dumpling.Mysql.Dumper" tests="18" assertions="57" failures="0" errors="0" time="0.383906">
      <testcase name="testConstructor" class="Eloquent\Dumpling\Mysql\Dumper\MysqlDumperTest" file="/home/travis/build/eloquent/dumpling/test/suite/Eloquent/Dumpling/Mysql/Dumper/MysqlDumperTest.php" line="63" assertions="3" time="0.030334"/>
      <testcase name="testConstructorDefaults" class="Eloquent\Dumpling\Mysql\Dumper\MysqlDumperTest" file="/home/travis/build/eloquent/dumpling/test/suite/Eloquent/Dumpling/Mysql/Dumper/MysqlDumperTest.php" line="70" assertions="2" time="0.009384"/>
      <testsuite name="Eloquent\Dumpling\Mysql\Dumper\MysqlDumperTest::testDump" tests="10" assertions="44" failures="0" errors="0" time="0.235944">
        <testcase name="testDump with data set &quot;All defaults&quot;" assertions="4" time="0.020576"/>
        <testcase name="testDump with data set &quot;No data&quot;" assertions="4" time="0.022007"/>
        <testcase name="testDump with data set &quot;Specific databases&quot;" assertions="4" time="0.020520"/>
        <testcase name="testDump with data set &quot;Specific databases normally excluded&quot;" assertions="4" time="0.020510"/>
        <testcase name="testDump with data set &quot;Specific tables&quot;" assertions="4" time="0.020280"/>
        <testcase name="testDump with data set &quot;Specific tables unqualified&quot;" assertions="4" time="0.020453"/>
        <testcase name="testDump with data set &quot;Specific tables across databases&quot;" assertions="5" time="0.027691"/>
        <testcase name="testDump with data set &quot;Exclude databases&quot;" assertions="4" time="0.020761"/>
        <testcase name="testDump with data set &quot;Exclude tables&quot;" assertions="4" time="0.021089"/>
        <testcase name="testDump with data set &quot;All options&quot;" assertions="7" time="0.042057"/>
      </testsuite>
      <testcase name="testDumpFailureNoDatabases" class="Eloquent\Dumpling\Mysql\Dumper\MysqlDumperTest" file="/home/travis/build/eloquent/dumpling/test/suite/Eloquent/Dumpling/Mysql/Dumper/MysqlDumperTest.php" line="240" assertions="1" time="0.015060"/>
      <testcase name="testDumpFailureUnqualifiedTable" class="Eloquent\Dumpling\Mysql\Dumper\MysqlDumperTest" file="/home/travis/build/eloquent/dumpling/test/suite/Eloquent/Dumpling/Mysql/Dumper/MysqlDumperTest.php" line="248" assertions="1" time="0.014812"/>
      <testcase name="testDumpFailureMysqldumpError" class="Eloquent\Dumpling\Mysql\Dumper\MysqlDumperTest" file="/home/travis/build/eloquent/dumpling/test/suite/Eloquent/Dumpling/Mysql/Dumper/MysqlDumperTest.php" line="256" assertions="3" time="0.019901"/>
      <testcase name="testDumpToStream" class="Eloquent\Dumpling\Mysql\Dumper\MysqlDumperTest" file="/home/travis/build/eloquent/dumpling/test/suite/Eloquent/Dumpling/Mysql/Dumper/MysqlDumperTest.php" line="272" assertions="1" time="0.017905"/>
      <testcase name="testDumpToString" class="Eloquent\Dumpling\Mysql\Dumper\MysqlDumperTest" file="/home/travis/build/eloquent/dumpling/test/suite/Eloquent/Dumpling/Mysql/Dumper/MysqlDumperTest.php" line="292" assertions="1" time="0.017085"/>
      <testcase name="testDumpToConsole" class="Eloquent\Dumpling\Mysql\Dumper\MysqlDumperTest" file="/home/travis/build/eloquent/dumpling/test/suite/Eloquent/Dumpling/Mysql/Dumper/MysqlDumperTest.php" line="308" assertions="1" time="0.023480"/>
    </testsuite>
    <testsuite name="Eloquent\Dumpling\Process\ProcessFactoryTest" file="/home/travis/build/eloquent/dumpling/test/suite/Eloquent/Dumpling/Process/ProcessFactoryTest.php" namespace="Eloquent\Dumpling\Process" fullPackage="Eloquent.Dumpling.Process" tests="1" assertions="1" failures="0" errors="0" time="0.022553">
      <testcase name="testFactory" class="Eloquent\Dumpling\Process\ProcessFactoryTest" file="/home/travis/build/eloquent/dumpling/test/suite/Eloquent/Dumpling/Process/ProcessFactoryTest.php" line="19" assertions="1" time="0.022553"/>
    </testsuite>
  </testsuite>
</testsuites>
