<?xml version="1.0" encoding="UTF-8"?>
<testsuites>
  <testsuite name="" tests="48" assertions="137" failures="0" errors="0" time="0.948883">
    <testsuite name="Eloquent\Dumpling\Console\Command\DumplingCommandTest" file="/home/travis/build/eloquent/dumpling/test/suite/Eloquent/Dumpling/Console/Command/DumplingCommandTest.php" namespace="Eloquent\Dumpling\Console\Command" fullPackage="Eloquent.Dumpling.Console.Command" tests="8" assertions="19" failures="0" errors="0" time="0.256317">
      <testcase name="testConstructor" class="Eloquent\Dumpling\Console\Command\DumplingCommandTest" file="/home/travis/build/eloquent/dumpling/test/suite/Eloquent/Dumpling/Console/Command/DumplingCommandTest.php" line="38" assertions="5" time="0.096012"/>
      <testcase name="testConstructorDefaults" class="Eloquent\Dumpling\Console\Command\DumplingCommandTest" file="/home/travis/build/eloquent/dumpling/test/suite/Eloquent/Dumpling/Console/Command/DumplingCommandTest.php" line="158" assertions="2" time="0.017379"/>
      <testsuite name="Eloquent\Dumpling\Console\Command\DumplingCommandTest::testExecute" tests="6" assertions="12" failures="0" errors="0" time="0.142926">
        <testcase name="testExecute with data set &quot;All defaults&quot;" assertions="2" time="0.025380"/>
        <testcase name="testExecute with data set &quot;Shorthand args&quot;" assertions="2" time="0.022583"/>
        <testcase name="testExecute with data set &quot;Connection details&quot;" assertions="2" time="0.022527"/>
        <testcase name="testExecute with data set &quot;Include/exclude&quot;" assertions="2" time="0.023966"/>
        <testcase name="testExecute with data set &quot;Mixed shorthand and options&quot;" assertions="2" time="0.023881"/>
        <testcase name="testExecute with data set &quot;Flags&quot;" assertions="2" time="0.024589"/>
      </testsuite>
    </testsuite>
    <testsuite name="Eloquent\Dumpling\Console\DumplingApplicationTest" file="/home/travis/build/eloquent/dumpling/test/suite/Eloquent/Dumpling/Console/DumplingApplicationTest.php" namespace="Eloquent\Dumpling\Console" fullPackage="Eloquent.Dumpling.Console" tests="2" assertions="7" failures="0" errors="0" time="0.098043">
      <testcase name="testConstructor" class="Eloquent\Dumpling\Console\DumplingApplicationTest" file="/home/travis/build/eloquent/dumpling/test/suite/Eloquent/Dumpling/Console/DumplingApplicationTest.php" line="26" assertions="3" time="0.044034"/>
      <testcase name="testRun" class="Eloquent\Dumpling\Console\DumplingApplicationTest" file="/home/travis/build/eloquent/dumpling/test/suite/Eloquent/Dumpling/Console/DumplingApplicationTest.php" line="33" assertions="4" time="0.054009"/>
    </testsuite>
    <testsuite name="Eloquent\Dumpling\Console\Input\BoundArgvInputTest" file="/home/travis/build/eloquent/dumpling/test/suite/Eloquent/Dumpling/Console/Input/BoundArgvInputTest.php" namespace="Eloquent\Dumpling\Console\Input" fullPackage="Eloquent.Dumpling.Console.Input" tests="3" assertions="3" failures="0" errors="0" time="0.013621">
      <testcase name="testConstructor" class="Eloquent\Dumpling\Console\Input\BoundArgvInputTest" file="/home/travis/build/eloquent/dumpling/test/suite/Eloquent/Dumpling/Console/Input/BoundArgvInputTest.php" line="33" assertions="1" time="0.005471"/>
      <testcase name="testConstructorDefaults" class="Eloquent\Dumpling\Console\Input\BoundArgvInputTest" file="/home/travis/build/eloquent/dumpling/test/suite/Eloquent/Dumpling/Console/Input/BoundArgvInputTest.php" line="46" assertions="1" time="0.003473"/>
      <testcase name="testConstructorDefaultsNoArgv" class="Eloquent\Dumpling\Console\Input\BoundArgvInputTest" file="/home/travis/build/eloquent/dumpling/test/suite/Eloquent/Dumpling/Console/Input/BoundArgvInputTest.php" line="59" assertions="1" time="0.004677"/>
    </testsuite>
    <testsuite name="Eloquent\Dumpling\Console\Input\Exception\UndefinedArgvExceptionTest" file="/home/travis/build/eloquent/dumpling/test/suite/Eloquent/Dumpling/Console/Input/Exception/UndefinedArgvExceptionTest.php" namespace="Eloquent\Dumpling\Console\Input\Exception" fullPackage="Eloquent.Dumpling.Console.Input.Exception" tests="1" assertions="3" failures="0" errors="0" time="0.003313">
      <testcase name="testException" class="Eloquent\Dumpling\Console\Input\Exception\UndefinedArgvExceptionTest" file="/home/travis/build/eloquent/dumpling/test/suite/Eloquent/Dumpling/Console/Input/Exception/UndefinedArgvExceptionTest.php" line="19" assertions="3" time="0.003313"/>
    </testsuite>
    <testsuite name="Eloquent\Dumpling\Mysql\Client\MysqlClientFactoryTest" file="/home/travis/build/eloquent/dumpling/test/suite/Eloquent/Dumpling/Mysql/Client/MysqlClientFactoryTest.php" namespace="Eloquent\Dumpling\Mysql\Client" fullPackage="Eloquent.Dumpling.Mysql.Client" tests="1" assertions="1" failures="0" errors="0" time="0.008344">
      <testcase name="testFactory" class="Eloquent\Dumpling\Mysql\Client\MysqlClientFactoryTest" file="/home/travis/build/eloquent/dumpling/test/suite/Eloquent/Dumpling/Mysql/Client/MysqlClientFactoryTest.php" line="18" assertions="1" time="0.008344"/>
    </testsuite>
    <testsuite name="Eloquent\Dumpling\Mysql\Client\MysqlClientTest" file="/home/travis/build/eloquent/dumpling/test/suite/Eloquent/Dumpling/Mysql/Client/MysqlClientTest.php" namespace="Eloquent\Dumpling\Mysql\Client" fullPackage="Eloquent.Dumpling.Mysql.Client" tests="5" assertions="17" failures="0" errors="0" time="0.070204">
      <testcase name="testConstructor" class="Eloquent\Dumpling\Mysql\Client\MysqlClientTest" file="/home/travis/build/eloquent/dumpling/test/suite/Eloquent/Dumpling/Mysql/Client/MysqlClientTest.php" line="40" assertions="5" time="0.021122"/>
      <testcase name="testConstructorDefaults" class="Eloquent\Dumpling\Mysql\Client\MysqlClientTest" file="/home/travis/build/eloquent/dumpling/test/suite/Eloquent/Dumpling/Mysql/Client/MysqlClientTest.php" line="49" assertions="5" time="0.008750"/>
      <testcase name="testDestructor" class="Eloquent\Dumpling\Mysql\Client\MysqlClientTest" file="/home/travis/build/eloquent/dumpling/test/suite/Eloquent/Dumpling/Mysql/Client/MysqlClientTest.php" line="63" assertions="1" time="0.008299"/>
      <testcase name="testDestructorCloseConnection" class="Eloquent\Dumpling\Mysql\Client\MysqlClientTest" file="/home/travis/build/eloquent/dumpling/test/suite/Eloquent/Dumpling/Mysql/Client/MysqlClientTest.php" line="70" assertions="1" time="0.011428"/>
      <testcase name="testListDatabases" class="Eloquent\Dumpling\Mysql\Client\MysqlClientTest" file="/home/travis/build/eloquent/dumpling/test/suite/Eloquent/Dumpling/Mysql/Client/MysqlClientTest.php" line="78" assertions="5" time="0.020605"/>
    </testsuite>
    <testsuite name="Eloquent\Dumpling\Mysql\Connection\Exception\ConnectionFailedExceptionTest" file="/home/travis/build/eloquent/dumpling/test/suite/Eloquent/Dumpling/Mysql/Connection/Exception/ConnectionFailedExceptionTest.php" namespace="Eloquent\Dumpling\Mysql\Connection\Exception" fullPackage="Eloquent.Dumpling.Mysql.Connection.Exception" tests="1" assertions="7" failures="0" errors="0" time="0.004496">
      <testcase name="testException" class="Eloquent\Dumpling\Mysql\Connection\Exception\ConnectionFailedExceptionTest" file="/home/travis/build/eloquent/dumpling/test/suite/Eloquent/Dumpling/Mysql/Connection/Exception/ConnectionFailedExceptionTest.php" line="19" assertions="7" time="0.004496"/>
    </testsuite>
    <testsuite name="Eloquent\Dumpling\Mysql\Connection\MysqlConnectionFactoryTest" file="/home/travis/build/eloquent/dumpling/test/suite/Eloquent/Dumpling/Mysql/Connection/MysqlConnectionFactoryTest.php" namespace="Eloquent\Dumpling\Mysql\Connection" fullPackage="Eloquent.Dumpling.Mysql.Connection" tests="3" assertions="5" failures="0" errors="0" time="0.072284">
      <testcase name="testCreate" class="Eloquent\Dumpling\Mysql\Connection\MysqlConnectionFactoryTest" file="/home/travis/build/eloquent/dumpling/test/suite/Eloquent/Dumpling/Mysql/Connection/MysqlConnectionFactoryTest.php" line="31" assertions="2" time="0.053036"/>
      <testcase name="testCreateDefaults" class="Eloquent\Dumpling\Mysql\Connection\MysqlConnectionFactoryTest" file="/home/travis/build/eloquent/dumpling/test/suite/Eloquent/Dumpling/Mysql/Connection/MysqlConnectionFactoryTest.php" line="37" assertions="2" time="0.010354"/>
      <testcase name="testCreateFailure" class="Eloquent\Dumpling\Mysql\Connection\MysqlConnectionFactoryTest" file="/home/travis/build/eloquent/dumpling/test/suite/Eloquent/Dumpling/Mysql/Connection/MysqlConnectionFactoryTest.php" line="43" assertions="1" time="0.008894"/>
    </testsuite>
    <testsuite name="Eloquent\Dumpling\Mysql\Dumper\Exception\DumpFailedExceptionTest" file="/home/travis/build/eloquent/dumpling/test/suite/Eloquent/Dumpling/Mysql/Dumper/Exception/DumpFailedExceptionTest.php" namespace="Eloquent\Dumpling\Mysql\Dumper\Exception" fullPackage="Eloquent.Dumpling.Mysql.Dumper.Exception" tests="1" assertions="3" failures="0" errors="0" time="0.004016">
      <testcase name="testException" class="Eloquent\Dumpling\Mysql\Dumper\Exception\DumpFailedExceptionTest" file="/home/travis/build/eloquent/dumpling/test/suite/Eloquent/Dumpling/Mysql/Dumper/Exception/DumpFailedExceptionTest.php" line="19" assertions="3" time="0.004016"/>
    </testsuite>
    <testsuite name="Eloquent\Dumpling\Mysql\Dumper\Exception\MysqldumpExceptionTest" file="/home/travis/build/eloquent/dumpling/test/suite/Eloquent/Dumpling/Mysql/Dumper/Exception/MysqldumpExceptionTest.php" namespace="Eloquent\Dumpling\Mysql\Dumper\Exception" fullPackage="Eloquent.Dumpling.Mysql.Dumper.Exception" tests="1" assertions="3" failures="0" errors="0" time="0.003883">
      <testcase name="testException" class="Eloquent\Dumpling\Mysql\Dumper\Exception\MysqldumpExceptionTest" file="/home/travis/build/eloquent/dumpling/test/suite/Eloquent/Dumpling/Mysql/Dumper/Exception/MysqldumpExceptionTest.php" line="19" assertions="3" time="0.003883"/>
    </testsuite>
    <testsuite name="Eloquent\Dumpling\Mysql\Dumper\Exception\NoDatabasesExceptionTest" file="/home/travis/build/eloquent/dumpling/test/suite/Eloquent/Dumpling/Mysql/Dumper/Exception/NoDatabasesExceptionTest.php" namespace="Eloquent\Dumpling\Mysql\Dumper\Exception" fullPackage="Eloquent.Dumpling.Mysql.Dumper.Exception" tests="1" assertions="3" failures="0" errors="0" time="0.003939">
      <testcase name="testException" class="Eloquent\Dumpling\Mysql\Dumper\Exception\NoDatabasesExceptionTest" file="/home/travis/build/eloquent/dumpling/test/suite/Eloquent/Dumpling/Mysql/Dumper/Exception/NoDatabasesExceptionTest.php" line="19" assertions="3" time="0.003939"/>
    </testsuite>
    <testsuite name="Eloquent\Dumpling\Mysql\Dumper\Exception\UnqualifiedTableExceptionTest" file="/home/travis/build/eloquent/dumpling/test/suite/Eloquent/Dumpling/Mysql/Dumper/Exception/UnqualifiedTableExceptionTest.php" namespace="Eloquent\Dumpling\Mysql\Dumper\Exception" fullPackage="Eloquent.Dumpling.Mysql.Dumper.Exception" tests="1" assertions="4" failures="0" errors="0" time="0.003785">
      <testcase name="testException" class="Eloquent\Dumpling\Mysql\Dumper\Exception\UnqualifiedTableExceptionTest" file="/home/travis/build/eloquent/dumpling/test/suite/Eloquent/Dumpling/Mysql/Dumper/Exception/UnqualifiedTableExceptionTest.php" line="19" assertions="4" time="0.003785"/>
    </testsuite>
    <testsuite name="Eloquent\Dumpling\Mysql\Dumper\MysqlDumperFactoryTest" file="/home/travis/build/eloquent/dumpling/test/suite/Eloquent/Dumpling/Mysql/Dumper/MysqlDumperFactoryTest.php" namespace="Eloquent\Dumpling\Mysql\Dumper" fullPackage="Eloquent.Dumpling.Mysql.Dumper" tests="1" assertions="4" failures="0" errors="0" time="0.005066">
      <testcase name="testFactory" class="Eloquent\Dumpling\Mysql\Dumper\MysqlDumperFactoryTest" file="/home/travis/build/eloquent/dumpling/test/suite/Eloquent/Dumpling/Mysql/Dumper/MysqlDumperFactoryTest.php" line="21" assertions="4" time="0.005066"/>
    </testsuite>
    <testsuite name="Eloquent\Dumpling\Mysql\Dumper\MysqlDumperTest" file="/home/travis/build/eloquent/dumpling/test/suite/Eloquent/Dumpling/Mysql/Dumper/MysqlDumperTest.php" namespace="Eloquent\Dumpling\Mysql\Dumper" fullPackage="Eloquent.Dumpling.Mysql.Dumper" tests="18" assertions="57" failures="0" errors="0" time="0.379330">
      <testcase name="testConstructor" class="Eloquent\Dumpling\Mysql\Dumper\MysqlDumperTest" file="/home/travis/build/eloquent/dumpling/test/suite/Eloquent/Dumpling/Mysql/Dumper/MysqlDumperTest.php" line="63" assertions="3" time="0.027653"/>
      <testcase name="testConstructorDefaults" class="Eloquent\Dumpling\Mysql\Dumper\MysqlDumperTest" file="/home/travis/build/eloquent/dumpling/test/suite/Eloquent/Dumpling/Mysql/Dumper/MysqlDumperTest.php" line="70" assertions="2" time="0.009183"/>
      <testsuite name="Eloquent\Dumpling\Mysql\Dumper\MysqlDumperTest::testDump" tests="10" assertions="44" failures="0" errors="0" time="0.234114">
        <testcase name="testDump with data set &quot;All defaults&quot;" assertions="4" time="0.019707"/>
        <testcase name="testDump with data set &quot;Flags&quot;" assertions="4" time="0.022017"/>
        <testcase name="testDump with data set &quot;Specific databases&quot;" assertions="4" time="0.019492"/>
        <testcase name="testDump with data set &quot;Specific databases normally excluded&quot;" assertions="4" time="0.019328"/>
        <testcase name="testDump with data set &quot;Specific tables&quot;" assertions="4" time="0.019344"/>
        <testcase name="testDump with data set &quot;Specific tables unqualified&quot;" assertions="4" time="0.019312"/>
        <testcase name="testDump with data set &quot;Specific tables across databases&quot;" assertions="5" time="0.027780"/>
        <testcase name="testDump with data set &quot;Exclude databases&quot;" assertions="4" time="0.020707"/>
        <testcase name="testDump with data set &quot;Exclude tables&quot;" assertions="4" time="0.021678"/>
        <testcase name="testDump with data set &quot;All options&quot;" assertions="7" time="0.044749"/>
      </testsuite>
      <testcase name="testDumpFailureNoDatabases" class="Eloquent\Dumpling\Mysql\Dumper\MysqlDumperTest" file="/home/travis/build/eloquent/dumpling/test/suite/Eloquent/Dumpling/Mysql/Dumper/MysqlDumperTest.php" line="251" assertions="1" time="0.015216"/>
      <testcase name="testDumpFailureUnqualifiedTable" class="Eloquent\Dumpling\Mysql\Dumper\MysqlDumperTest" file="/home/travis/build/eloquent/dumpling/test/suite/Eloquent/Dumpling/Mysql/Dumper/MysqlDumperTest.php" line="259" assertions="1" time="0.015758"/>
      <testcase name="testDumpFailureMysqldumpError" class="Eloquent\Dumpling\Mysql\Dumper\MysqlDumperTest" file="/home/travis/build/eloquent/dumpling/test/suite/Eloquent/Dumpling/Mysql/Dumper/MysqlDumperTest.php" line="267" assertions="3" time="0.020486"/>
      <testcase name="testDumpToStream" class="Eloquent\Dumpling\Mysql\Dumper\MysqlDumperTest" file="/home/travis/build/eloquent/dumpling/test/suite/Eloquent/Dumpling/Mysql/Dumper/MysqlDumperTest.php" line="283" assertions="1" time="0.017496"/>
      <testcase name="testDumpToString" class="Eloquent\Dumpling\Mysql\Dumper\MysqlDumperTest" file="/home/travis/build/eloquent/dumpling/test/suite/Eloquent/Dumpling/Mysql/Dumper/MysqlDumperTest.php" line="303" assertions="1" time="0.016776"/>
      <testcase name="testDumpToConsole" class="Eloquent\Dumpling\Mysql\Dumper\MysqlDumperTest" file="/home/travis/build/eloquent/dumpling/test/suite/Eloquent/Dumpling/Mysql/Dumper/MysqlDumperTest.php" line="319" assertions="1" time="0.022649"/>
    </testsuite>
    <testsuite name="Eloquent\Dumpling\Process\ProcessFactoryTest" file="/home/travis/build/eloquent/dumpling/test/suite/Eloquent/Dumpling/Process/ProcessFactoryTest.php" namespace="Eloquent\Dumpling\Process" fullPackage="Eloquent.Dumpling.Process" tests="1" assertions="1" failures="0" errors="0" time="0.022241">
      <testcase name="testFactory" class="Eloquent\Dumpling\Process\ProcessFactoryTest" file="/home/travis/build/eloquent/dumpling/test/suite/Eloquent/Dumpling/Process/ProcessFactoryTest.php" line="19" assertions="1" time="0.022241"/>
    </testsuite>
  </testsuite>
</testsuites>
